[  0%] Built target uorb_headers
[  1%] Built target lockstep_scheduler
[  1%] Built target drivers_board
[  2%] Built target mixer_gen_6dof
[  4%] Built target df_driver_framework
[  4%] [34m[1mGenerating ../../logs[0m
[  4%] Built target ver_gen
[  4%] Built target mixer_gen
[  4%] Built target git_gps_devices
[  4%] Built target git_ecl
[  4%] Built target git_mavlink_v2
[  4%] Built target logs_symlink
[  5%] Built target tinybson
[  7%] Built target perf
[  9%] Built target work_queue
[  9%] Built target ecl_attitude_fw
[ 10%] Built target ecl_airdata
[ 11%] Built target ecl_geo
[ 11%] Built target ecl_geo_lookup
[ 11%] Built target ecl_tecs
[ 12%] Built target ecl_validation
[ 30%] Built target uorb_msgs
[ 31%] Built target mixer
[ 32%] Built target rc
[ 32%] Built target version
[ 33%] Built target parameters
[ 33%] Built target generate_topic_listener
[ 33%] Built target ecl_l1
[ 34%] Built target modules__uORB
[ 35%] Built target px4_work_queue
[ 36%] Built target px4_platform
[ 37%] Built target px4_daemon
[ 38%] Built target px4_layer
[ 40%] Built target systemlib
[ 40%] Built target cdev
[ 41%] Built target battery
[ 41%] Built target conversion
[ 41%] Built target AirspeedValidator
[ 42%] Built target lib__cdev__test__cdev_test
[ 42%] Built target lib__controllib__controllib_test
[ 42%] Built target airspeed
[ 43%] Built target circuit_breaker
[ 43%] Built target drivers__device
[ 43%] Built target CollisionPrevention
[ 44%] Built target controllib
[ 44%] Built target drivers_magnetometer
[ 44%] Built target drivers_barometer
[ 45%] Built target FlightTask
[ 45%] Built target mathlib
[ 45%] Built target hysteresis
[ 46%] Built target pid
[ 46%] Built target WeatherVane
[ 46%] Built target landing_slope
[ 46%] Built target tunes
[ 46%] Built target output_limit
[ 46%] Built target lib__rc__rc_tests
[ 46%] Built target arch_tone_alarm
[ 47%] Built target lib__work_queue__test__wqueue_test
[ 47%] Built target modules__uORB__uORB_tests
[ 47%] Built target modules__attitude_estimator_q
[ 47%] Built target failure_detector
[ 48%] Built target drivers__camera_trigger
[ 48%] Built target modules__commander__commander_tests
[ 49%] Built target modules__camera_feedback
[ 50%] Built target drivers__pwm_out_sim
[ 51%] Built target modules__dataman
[ 53%] Built target drivers__gps
[ 54%] Built target modules__events
[ 55%] Built target modules__fw_att_control
[ 56%] Built target modules__load_mon
[ 57%] Built target modules__land_detector
[ 57%] Built target runway_takeoff
[ 57%] Built target modules__landing_target_estimator
[ 58%] Built target launchdetection
[ 58%] Built target modules__rover_pos_control
[ 60%] Built target modules__logger
[ 60%] Built target AttitudeControl
[ 61%] Built target modules__local_position_estimator
[ 61%] Built target RateControl
[ 61%] Built target Takeoff
[ 62%] Built target modules__replay
[ 62%] Built target modules__mavlink__mavlink_tests
[ 62%] Built target vehicle_angular_velocity
[ 62%] Built target vehicle_acceleration
[ 64%] Built target modules__navigator
[ 65%] Built target drivers__vmount
[ 68%] Built target modules__mavlink
[ 69%] Built target systemcmds__esc_calib
[ 70%] Built target modules__vtol_att_control
[ 71%] Built target modules__airspeed_selector
[ 71%] Built target systemcmds__dyn
[ 71%] Built target systemcmds__mixer
[ 71%] Built target systemcmds__motor_ramp
[ 71%] Built target systemcmds__led_control
[ 72%] Built target systemcmds__param
[ 72%] Built target systemcmds__perf
[ 72%] Built target systemcmds__reboot
[ 72%] Built target systemcmds__shutdown
[ 72%] Built target systemcmds__pwm
[ 73%] Built target systemcmds__sd_bench
[ 73%] Built target systemcmds__tests__hrt_test
[ 74%] Built target systemcmds__top
[ 81%] Built target systemcmds__tests
[ 81%] Built target systemcmds__topic_listener
[ 81%] Built target systemcmds__tune_control
[ 81%] Built target modules__bottle_drop
[ 82%] Built target systemcmds__ver
[ 82%] Built target systemcmds__work_queue
[ 83%] Built target examples__hello
[ 83%] Built target examples__px4_mavlink_debug
[ 83%] Built target examples__fixedwing_control
[ 84%] Built target examples__px4_simple_app
[ 84%] Built target examples__rover_steering_control
[ 85%] Built target drivers_accelerometer
[ 85%] Built target drivers__led
[ 86%] Built target drivers_gyroscope
[ 88%] Built target ecl_EKF
[ 89%] Built target FlightTaskManual
[ 89%] Built target FlightTaskFailsafe
[ 90%] Built target FlightTaskOffboard
[ 91%] Built target FlightTaskUtility
[ 91%] Built target FlightTaskTransition
[ 91%] Built target drivers__tone_alarm
[ 93%] Built target modules__commander
[ 93%] Built target modules__fw_pos_control_l1
[ 94%] Built target modules__mc_att_control
[ 94%] Built target FlightTaskManualAltitude
[ 94%] Built target drivers__ledsim
[ 94%] Built target FlightTaskAuto
[ 94%] Built target modules__ekf2
[ 95%] Built target modules__sensors
[ 95%] Built target FlightTaskManualPosition
[ 96%] Built target FlightTaskManualAltitudeSmoothVel
[ 96%] Built target FlightTaskManualAltitudeSmooth
[ 97%] Built target modules__simulator
[ 97%] Built target FlightTaskAutoMapper
[ 97%] Built target FlightTaskManualPositionSmoothVel
[ 97%] Built target FlightTaskManualPositionSmooth
[ 97%] Built target FlightTaskAutoFollowMe
[ 97%] Built target FlightTaskAutoMapper2
[ 97%] Built target FlightTaskOrbit
[ 97%] Built target drivers__gpssim
[ 97%] Built target FlightTaskAutoLine
[ 98%] Built target FlightTaskAutoLineSmoothVel
[100%] Built target FlightTasks
[100%] Built target modules__mc_pos_control
[100%] Built target px4
[100%] Built target examples__dyn_hello
