[35m[1mScanning dependencies of target ver_gen[0m
[35m[1mScanning dependencies of target drivers_board[0m
[35m[1mScanning dependencies of target lockstep_scheduler[0m
[35m[1mScanning dependencies of target mixer_gen_6dof[0m
[35m[1mScanning dependencies of target logs_symlink[0m
[35m[1mScanning dependencies of target df_driver_framework[0m
[35m[1mScanning dependencies of target git_mavlink_v2[0m
[35m[1mScanning dependencies of target mixer_gen[0m
[35m[1mScanning dependencies of target git_gps_devices[0m
[  0%] [34m[1mGenerating git version header[0m
[35m[1mScanning dependencies of target git_ecl[0m
[35m[1mScanning dependencies of target uorb_headers[0m
[  0%] [34m[1mGenerating ../../logs[0m
[  0%] [32mBuilding CXX object platforms/posix/src/px4/common/lockstep_scheduler/CMakeFiles/lockstep_scheduler.dir/src/lockstep_scheduler.cpp.o[0m
[  0%] [34m[1mgit submodule mavlink/include/mavlink/v2.0[0m
[  0%] [34m[1mGenerating mixer_multirotor.generated.h[0m
[  0%] [34m[1mGenerating mixer_multirotor_6dof.generated.h[0m
[  0%] [34m[1mgit submodule src/drivers/gps/devices[0m
[  0%] [34m[1mGenerating uORB topic headers[0m
[  0%] [32mBuilding C object boards/px4/sitl/src/CMakeFiles/drivers_board.dir/__/__/__/__/src/drivers/boards/common/board_identity.c.o[0m
[  0%] [34m[1mgit submodule src/lib/ecl[0m
[  0%] Built target logs_symlink
[  1%] [32mBuilding CXX object src/lib/DriverFramework/framework/src/CMakeFiles/df_driver_framework.dir/DriverFramework.cpp.o[0m
[  1%] [32mBuilding C object boards/px4/sitl/src/CMakeFiles/drivers_board.dir/sitl_led.c.o[0m
[  1%] Built target mixer_gen_6dof
[  1%] [32mBuilding CXX object src/lib/DriverFramework/framework/src/CMakeFiles/df_driver_framework.dir/WorkMgr.cpp.o[0m
[  1%] [32mBuilding C object boards/px4/sitl/src/CMakeFiles/drivers_board.dir/sitl_board_shutdown.c.o[0m
[  1%] [34m[1mGenerating mixer_multirotor_normalized.generated.h[0m
[  1%] Built target ver_gen
[  1%] [32mBuilding CXX object src/lib/DriverFramework/framework/src/CMakeFiles/df_driver_framework.dir/WorkItems.cpp.o[0m
[  1%] [32mBuilding CXX object src/lib/DriverFramework/framework/src/CMakeFiles/df_driver_framework.dir/DevMgr.cpp.o[0m
[  1%] Built target git_mavlink_v2
[  1%] Built target git_gps_devices
[  1%] [32mBuilding CXX object src/lib/DriverFramework/framework/src/CMakeFiles/df_driver_framework.dir/DevObj.cpp.o[0m
[  1%] Built target git_ecl
[  1%] [32mBuilding CXX object src/lib/DriverFramework/framework/src/CMakeFiles/df_driver_framework.dir/DFList.cpp.o[0m
[  2%] [32mBuilding CXX object src/lib/DriverFramework/framework/src/CMakeFiles/df_driver_framework.dir/Time.cpp.o[0m
[  2%] [32mBuilding CXX object src/lib/DriverFramework/framework/src/CMakeFiles/df_driver_framework.dir/SyncObj.cpp.o[0m
[  2%] [32m[1mLinking C static library /home/rohit/catkin_ws/devel/.private/px4/lib/libdrivers_board.a[0m
[  2%] [32mBuilding CXX object src/lib/DriverFramework/framework/src/CMakeFiles/df_driver_framework.dir/DFDiag.cpp.o[0m
[  2%] Built target mixer_gen
[  2%] [32mBuilding CXX object src/lib/DriverFramework/framework/src/CMakeFiles/df_driver_framework.dir/I2CDevObj.cpp.o[0m
[  2%] Built target drivers_board
[  2%] [32mBuilding CXX object src/lib/DriverFramework/framework/src/CMakeFiles/df_driver_framework.dir/SPIDevObj.cpp.o[0m
[  2%] [32mBuilding CXX object src/lib/DriverFramework/framework/src/CMakeFiles/df_driver_framework.dir/ImuSensor.cpp.o[0m
[  2%] [32mBuilding CXX object src/lib/DriverFramework/framework/src/CMakeFiles/df_driver_framework.dir/BaroSensor.cpp.o[0m
[  2%] [32mBuilding CXX object src/lib/DriverFramework/framework/src/CMakeFiles/df_driver_framework.dir/MagSensor.cpp.o[0m
[  3%] [32m[1mLinking CXX static library /home/rohit/catkin_ws/devel/.private/px4/lib/liblockstep_scheduler.a[0m
[  4%] [32m[1mLinking CXX static library /home/rohit/catkin_ws/devel/.private/px4/lib/libdf_driver_framework.a[0m
[  4%] Built target lockstep_scheduler
[  4%] Built target df_driver_framework
[  4%] Built target uorb_headers
[35m[1mScanning dependencies of target perf[0m
[35m[1mScanning dependencies of target tinybson[0m
[35m[1mScanning dependencies of target ecl_tecs[0m
[35m[1mScanning dependencies of target ecl_attitude_fw[0m
[35m[1mScanning dependencies of target work_queue[0m
[35m[1mScanning dependencies of target ecl_geo[0m
[35m[1mScanning dependencies of target ecl_validation[0m
[35m[1mScanning dependencies of target mixer[0m
[35m[1mScanning dependencies of target ecl_geo_lookup[0m
[  4%] [34m[1mGenerating uORB topic sources[0m
[35m[1mScanning dependencies of target rc[0m
[35m[1mScanning dependencies of target ecl_airdata[0m
[  5%] [32mBuilding CXX object src/lib/parameters/tinybson/CMakeFiles/tinybson.dir/tinybson.cpp.o[0m
[  5%] [32mBuilding CXX object src/lib/perf/CMakeFiles/perf.dir/perf_counter.cpp.o[0m
[  6%] [32mBuilding CXX object src/lib/ecl/validation/CMakeFiles/ecl_validation.dir/data_validator.cpp.o[0m
[  6%] [32mBuilding CXX object src/lib/ecl/geo_lookup/CMakeFiles/ecl_geo_lookup.dir/geo_mag_declination.cpp.o[0m
[  7%] [32mBuilding CXX object src/lib/ecl/geo/CMakeFiles/ecl_geo.dir/geo.cpp.o[0m
[  7%] [32mBuilding CXX object src/lib/ecl/tecs/CMakeFiles/ecl_tecs.dir/tecs.cpp.o[0m
[  7%] [32mBuilding CXX object src/lib/ecl/attitude_fw/CMakeFiles/ecl_attitude_fw.dir/ecl_controller.cpp.o[0m
[  7%] [32mBuilding CXX object src/lib/mixer/CMakeFiles/mixer.dir/mixer.cpp.o[0m
[  8%] [32mBuilding C object platforms/common/work_queue/CMakeFiles/work_queue.dir/dq_addlast.c.o[0m
[  8%] [32mBuilding CXX object src/lib/rc/CMakeFiles/rc.dir/crsf.cpp.o[0m
[  8%] [32mBuilding CXX object src/lib/ecl/airdata/CMakeFiles/ecl_airdata.dir/WindEstimator.cpp.o[0m
[  8%] [32m[1mLinking CXX static library /home/rohit/catkin_ws/devel/.private/px4/lib/libecl_geo_lookup.a[0m
[  8%] [32mBuilding CXX object src/lib/ecl/validation/CMakeFiles/ecl_validation.dir/data_validator_group.cpp.o[0m
[  8%] [32mBuilding C object platforms/common/work_queue/CMakeFiles/work_queue.dir/dq_rem.c.o[0m
[  8%] [32mBuilding CXX object src/lib/ecl/attitude_fw/CMakeFiles/ecl_attitude_fw.dir/ecl_pitch_controller.cpp.o[0m
[  8%] [32m[1mLinking CXX static library /home/rohit/catkin_ws/devel/.private/px4/lib/libtinybson.a[0m
[  8%] [32mBuilding CXX object src/lib/mixer/CMakeFiles/mixer.dir/mixer_group.cpp.o[0m
[  8%] Built target ecl_geo_lookup
[  9%] [32m[1mLinking CXX static library /home/rohit/catkin_ws/devel/.private/px4/lib/libperf.a[0m
[  9%] [32mBuilding C object platforms/common/work_queue/CMakeFiles/work_queue.dir/dq_remfirst.c.o[0m
[  9%] [32mBuilding CXX object src/lib/mixer/CMakeFiles/mixer.dir/mixer_helicopter.cpp.o[0m
[  9%] [32m[1mLinking CXX static library /home/rohit/catkin_ws/devel/.private/px4/lib/libecl_tecs.a[0m
[  9%] Built target tinybson
[  9%] [32mBuilding CXX object src/lib/rc/CMakeFiles/rc.dir/st24.cpp.o[0m
[  9%] [32mBuilding CXX object src/lib/rc/CMakeFiles/rc.dir/sumd.cpp.o[0m
[  9%] Built target perf
[  9%] [32mBuilding C object platforms/common/work_queue/CMakeFiles/work_queue.dir/hrt_queue.c.o[0m
[35m[1mScanning dependencies of target version[0m
[  9%] [32m[1mLinking CXX static library /home/rohit/catkin_ws/devel/.private/px4/lib/libecl_geo.a[0m
[  9%] [32mBuilding CXX object src/lib/ecl/attitude_fw/CMakeFiles/ecl_attitude_fw.dir/ecl_roll_controller.cpp.o[0m
[  9%] Built target ecl_tecs
[  9%] [32m[1mLinking CXX static library /home/rohit/catkin_ws/devel/.private/px4/lib/libecl_validation.a[0m
[  9%] [32mBuilding CXX object src/lib/ecl/attitude_fw/CMakeFiles/ecl_attitude_fw.dir/ecl_wheel_controller.cpp.o[0m
[  9%] [32mBuilding C object src/lib/version/CMakeFiles/version.dir/version.c.o[0m
[  9%] [32mBuilding CXX object src/lib/ecl/attitude_fw/CMakeFiles/ecl_attitude_fw.dir/ecl_yaw_controller.cpp.o[0m
[  9%] Built target ecl_geo
[  9%] [32mBuilding C object platforms/common/work_queue/CMakeFiles/work_queue.dir/hrt_thread.c.o[0m
[  9%] [34m[1mGenerating serial_params.c[0m
[  9%] [32mBuilding C object platforms/common/work_queue/CMakeFiles/work_queue.dir/hrt_work_cancel.c.o[0m
[  9%] Built target ecl_validation
[  9%] [32mBuilding CXX object src/lib/rc/CMakeFiles/rc.dir/sbus.cpp.o[0m
[  9%] [32mBuilding C object src/lib/mixer/CMakeFiles/mixer.dir/mixer_load.c.o[0m
[35m[1mScanning dependencies of target ecl_l1[0m
[ 10%] [32m[1mLinking CXX static library /home/rohit/catkin_ws/devel/.private/px4/lib/libecl_airdata.a[0m
[ 11%] [32mBuilding C object platforms/common/work_queue/CMakeFiles/work_queue.dir/sq_addafter.c.o[0m
[ 12%] [32mBuilding CXX object src/lib/mixer/CMakeFiles/mixer.dir/mixer_multirotor.cpp.o[0m
[ 12%] [32mBuilding CXX object src/lib/ecl/l1/CMakeFiles/ecl_l1.dir/ecl_l1_pos_controller.cpp.o[0m
[ 12%] [32mBuilding C object platforms/common/work_queue/CMakeFiles/work_queue.dir/queue.c.o[0m
[ 12%] [32m[1mLinking C static library /home/rohit/catkin_ws/devel/.private/px4/lib/libversion.a[0m
[ 12%] [32mBuilding C object platforms/common/work_queue/CMakeFiles/work_queue.dir/sq_remfirst.c.o[0m
[ 12%] [32mBuilding C object platforms/common/work_queue/CMakeFiles/work_queue.dir/sq_addlast.c.o[0m
[ 12%] Built target ecl_airdata
[ 12%] [32mBuilding CXX object src/lib/mixer/CMakeFiles/mixer.dir/mixer_simple.cpp.o[0m
[ 12%] [32mBuilding C object platforms/common/work_queue/CMakeFiles/work_queue.dir/work_cancel.c.o[0m
[ 13%] [34m[1mGenerating parameters.xml[0m
[ 13%] [32m[1mLinking CXX static library /home/rohit/catkin_ws/devel/.private/px4/lib/libecl_attitude_fw.a[0m
[ 13%] Built target version
[ 13%] [32mBuilding C object platforms/common/work_queue/CMakeFiles/work_queue.dir/work_lock.c.o[0m
[ 13%] [32mBuilding C object platforms/common/work_queue/CMakeFiles/work_queue.dir/work_queue.c.o[0m
[ 13%] [32mBuilding CXX object src/lib/rc/CMakeFiles/rc.dir/dsm.cpp.o[0m
[ 13%] [32mBuilding C object platforms/common/work_queue/CMakeFiles/work_queue.dir/work_thread.c.o[0m
[ 13%] [32mBuilding CXX object src/lib/rc/CMakeFiles/rc.dir/common_rc.cpp.o[0m
[ 13%] Built target ecl_attitude_fw
[ 13%] [32m[1mLinking CXX static library /home/rohit/catkin_ws/devel/.private/px4/lib/libmixer.a[0m
[ 14%] [32m[1mLinking C static library /home/rohit/catkin_ws/devel/.private/px4/lib/libwork_queue.a[0m
[ 14%] Built target mixer
[ 14%] Built target work_queue
[ 14%] [32m[1mLinking CXX static library /home/rohit/catkin_ws/devel/.private/px4/lib/libecl_l1.a[0m
[ 15%] [32m[1mLinking CXX static library /home/rohit/catkin_ws/devel/.private/px4/lib/librc.a[0m
[ 15%] Built target ecl_l1
[ 15%] Built target rc
[35m[1mScanning dependencies of target uorb_msgs[0m
[ 15%] [32mBuilding CXX object msg/CMakeFiles/uorb_msgs.dir/topics_sources/actuator_armed.cpp.o[0m
[ 15%] [32mBuilding CXX object msg/CMakeFiles/uorb_msgs.dir/topics_sources/actuator_direct.cpp.o[0m
[ 15%] [32mBuilding CXX object msg/CMakeFiles/uorb_msgs.dir/topics_sources/actuator_controls.cpp.o[0m
[ 16%] [32mBuilding CXX object msg/CMakeFiles/uorb_msgs.dir/topics_sources/uORBTopics.cpp.o[0m
[ 16%] [32mBuilding CXX object msg/CMakeFiles/uorb_msgs.dir/topics_sources/airspeed.cpp.o[0m
[ 16%] [32mBuilding CXX object msg/CMakeFiles/uorb_msgs.dir/topics_sources/adc_report.cpp.o[0m
[ 17%] [32mBuilding CXX object msg/CMakeFiles/uorb_msgs.dir/topics_sources/airspeed_validated.cpp.o[0m
[ 17%] [32mBuilding CXX object msg/CMakeFiles/uorb_msgs.dir/topics_sources/camera_trigger.cpp.o[0m
[ 17%] [32mBuilding CXX object msg/CMakeFiles/uorb_msgs.dir/topics_sources/camera_capture.cpp.o[0m
[ 17%] [32mBuilding CXX object msg/CMakeFiles/uorb_msgs.dir/topics_sources/battery_status.cpp.o[0m
[ 17%] [32mBuilding CXX object msg/CMakeFiles/uorb_msgs.dir/topics_sources/actuator_outputs.cpp.o[0m
[ 17%] [32mBuilding CXX object msg/CMakeFiles/uorb_msgs.dir/topics_sources/collision_constraints.cpp.o[0m
[ 17%] [32mBuilding CXX object msg/CMakeFiles/uorb_msgs.dir/topics_sources/cpuload.cpp.o[0m
[ 17%] [32mBuilding CXX object msg/CMakeFiles/uorb_msgs.dir/topics_sources/collision_report.cpp.o[0m
[ 17%] [32mBuilding CXX object msg/CMakeFiles/uorb_msgs.dir/topics_sources/commander_state.cpp.o[0m
[ 18%] [32mBuilding CXX object msg/CMakeFiles/uorb_msgs.dir/topics_sources/debug_array.cpp.o[0m
[ 18%] [32mBuilding CXX object msg/CMakeFiles/uorb_msgs.dir/topics_sources/debug_value.cpp.o[0m
[ 18%] [32mBuilding CXX object msg/CMakeFiles/uorb_msgs.dir/topics_sources/debug_vect.cpp.o[0m
[ 18%] [32mBuilding CXX object msg/CMakeFiles/uorb_msgs.dir/topics_sources/differential_pressure.cpp.o[0m
[ 18%] [32mBuilding CXX object msg/CMakeFiles/uorb_msgs.dir/topics_sources/debug_key_value.cpp.o[0m
[ 18%] [32mBuilding CXX object msg/CMakeFiles/uorb_msgs.dir/topics_sources/distance_sensor.cpp.o[0m
[ 18%] [32mBuilding CXX object msg/CMakeFiles/uorb_msgs.dir/topics_sources/ekf2_innovations.cpp.o[0m
[ 20%] [32mBuilding CXX object msg/CMakeFiles/uorb_msgs.dir/topics_sources/ekf2_timestamps.cpp.o[0m
[ 20%] [32mBuilding CXX object msg/CMakeFiles/uorb_msgs.dir/topics_sources/ekf_gps_position.cpp.o[0m
[ 20%] [32mBuilding CXX object msg/CMakeFiles/uorb_msgs.dir/topics_sources/ekf_gps_drift.cpp.o[0m
[ 20%] [32mBuilding CXX object msg/CMakeFiles/uorb_msgs.dir/topics_sources/estimator_status.cpp.o[0m
[ 20%] [32mBuilding CXX object msg/CMakeFiles/uorb_msgs.dir/topics_sources/esc_status.cpp.o[0m
[ 20%] [32mBuilding CXX object msg/CMakeFiles/uorb_msgs.dir/topics_sources/esc_report.cpp.o[0m
[ 21%] [32mBuilding CXX object msg/CMakeFiles/uorb_msgs.dir/topics_sources/geofence_result.cpp.o[0m
[ 21%] [32mBuilding CXX object msg/CMakeFiles/uorb_msgs.dir/topics_sources/follow_target.cpp.o[0m
[ 21%] [32mBuilding CXX object msg/CMakeFiles/uorb_msgs.dir/topics_sources/gps_dump.cpp.o[0m
[ 21%] [32mBuilding CXX object msg/CMakeFiles/uorb_msgs.dir/topics_sources/gps_inject_data.cpp.o[0m
[ 21%] [32mBuilding CXX object msg/CMakeFiles/uorb_msgs.dir/topics_sources/home_position.cpp.o[0m
[ 21%] [32mBuilding CXX object msg/CMakeFiles/uorb_msgs.dir/topics_sources/input_rc.cpp.o[0m
[ 21%] [32mBuilding CXX object msg/CMakeFiles/uorb_msgs.dir/topics_sources/landing_gear.cpp.o[0m
[ 21%] [32mBuilding CXX object msg/CMakeFiles/uorb_msgs.dir/topics_sources/iridiumsbd_status.cpp.o[0m
[ 21%] [32mBuilding CXX object msg/CMakeFiles/uorb_msgs.dir/topics_sources/irlock_report.cpp.o[0m
[ 22%] [32mBuilding CXX object msg/CMakeFiles/uorb_msgs.dir/topics_sources/landing_target_innovations.cpp.o[0m
[ 22%] [32mBuilding CXX object msg/CMakeFiles/uorb_msgs.dir/topics_sources/landing_target_pose.cpp.o[0m
[ 22%] [32mBuilding CXX object msg/CMakeFiles/uorb_msgs.dir/topics_sources/led_control.cpp.o[0m
[ 22%] [32mBuilding CXX object msg/CMakeFiles/uorb_msgs.dir/topics_sources/log_message.cpp.o[0m
[ 22%] [32mBuilding CXX object msg/CMakeFiles/uorb_msgs.dir/topics_sources/manual_control_setpoint.cpp.o[0m
[ 22%] [32mBuilding CXX object msg/CMakeFiles/uorb_msgs.dir/topics_sources/mission.cpp.o[0m
[ 23%] [32mBuilding CXX object msg/CMakeFiles/uorb_msgs.dir/topics_sources/mission_result.cpp.o[0m
[ 23%] [32mBuilding CXX object msg/CMakeFiles/uorb_msgs.dir/topics_sources/mavlink_log.cpp.o[0m
[ 23%] [32mBuilding CXX object msg/CMakeFiles/uorb_msgs.dir/topics_sources/mount_orientation.cpp.o[0m
[ 23%] [32mBuilding CXX object msg/CMakeFiles/uorb_msgs.dir/topics_sources/multirotor_motor_limits.cpp.o[0m
[ 23%] [32mBuilding CXX object msg/CMakeFiles/uorb_msgs.dir/topics_sources/offboard_control_mode.cpp.o[0m
[ 23%] [32mBuilding CXX object msg/CMakeFiles/uorb_msgs.dir/topics_sources/optical_flow.cpp.o[0m
[ 23%] [32mBuilding CXX object msg/CMakeFiles/uorb_msgs.dir/topics_sources/obstacle_distance.cpp.o[0m
[ 23%] [32mBuilding CXX object msg/CMakeFiles/uorb_msgs.dir/topics_sources/orbit_status.cpp.o[0m
[ 24%] [32mBuilding CXX object msg/CMakeFiles/uorb_msgs.dir/topics_sources/parameter_update.cpp.o[0m
[ 24%] [32mBuilding CXX object msg/CMakeFiles/uorb_msgs.dir/topics_sources/ping.cpp.o[0m
[ 24%] [32mBuilding CXX object msg/CMakeFiles/uorb_msgs.dir/topics_sources/position_controller_landing_status.cpp.o[0m
[ 24%] [32mBuilding CXX object msg/CMakeFiles/uorb_msgs.dir/topics_sources/position_controller_status.cpp.o[0m
[ 24%] [32mBuilding CXX object msg/CMakeFiles/uorb_msgs.dir/topics_sources/position_setpoint.cpp.o[0m
[ 24%] [32mBuilding CXX object msg/CMakeFiles/uorb_msgs.dir/topics_sources/power_button_state.cpp.o[0m
[ 24%] [32mBuilding CXX object msg/CMakeFiles/uorb_msgs.dir/topics_sources/position_setpoint_triplet.cpp.o[0m
[ 24%] [32mBuilding CXX object msg/CMakeFiles/uorb_msgs.dir/topics_sources/power_monitor.cpp.o[0m
[ 25%] [32mBuilding CXX object msg/CMakeFiles/uorb_msgs.dir/topics_sources/pwm_input.cpp.o[0m
[ 25%] [32mBuilding CXX object msg/CMakeFiles/uorb_msgs.dir/topics_sources/qshell_req.cpp.o[0m
[ 25%] [34m[1mGenerating px4_parameters.c, px4_parameters.h, px4_parameters_public.h[0m
[ 25%] [32mBuilding CXX object msg/CMakeFiles/uorb_msgs.dir/topics_sources/radio_status.cpp.o[0m
[ 25%] [32mBuilding CXX object msg/CMakeFiles/uorb_msgs.dir/topics_sources/qshell_retval.cpp.o[0m
[ 25%] [32mBuilding CXX object msg/CMakeFiles/uorb_msgs.dir/topics_sources/rate_ctrl_status.cpp.o[0m
[ 25%] [32mBuilding CXX object msg/CMakeFiles/uorb_msgs.dir/topics_sources/rc_parameter_map.cpp.o[0m
[ 25%] [32mBuilding CXX object msg/CMakeFiles/uorb_msgs.dir/topics_sources/rc_channels.cpp.o[0m
[ 26%] [32mBuilding CXX object msg/CMakeFiles/uorb_msgs.dir/topics_sources/safety.cpp.o[0m
[ 26%] [32mBuilding CXX object msg/CMakeFiles/uorb_msgs.dir/topics_sources/satellite_info.cpp.o[0m
[ 26%] [32mBuilding CXX object msg/CMakeFiles/uorb_msgs.dir/topics_sources/sensor_accel.cpp.o[0m
[ 27%] [32mBuilding CXX object msg/CMakeFiles/uorb_msgs.dir/topics_sources/sensor_gyro.cpp.o[0m
[ 27%] [32mBuilding CXX object msg/CMakeFiles/uorb_msgs.dir/topics_sources/sensor_baro.cpp.o[0m
[ 27%] [32mBuilding CXX object msg/CMakeFiles/uorb_msgs.dir/topics_sources/sensor_correction.cpp.o[0m
[ 27%] [32mBuilding CXX object msg/CMakeFiles/uorb_msgs.dir/topics_sources/sensor_combined.cpp.o[0m
[ 27%] [32mBuilding CXX object msg/CMakeFiles/uorb_msgs.dir/topics_sources/sensor_bias.cpp.o[0m
[ 27%] [32mBuilding CXX object msg/CMakeFiles/uorb_msgs.dir/topics_sources/sensor_preflight.cpp.o[0m
[ 27%] [32mBuilding CXX object msg/CMakeFiles/uorb_msgs.dir/topics_sources/sensor_gyro_control.cpp.o[0m
[ 27%] [32mBuilding CXX object msg/CMakeFiles/uorb_msgs.dir/topics_sources/sensor_selection.cpp.o[0m
[ 27%] [32mBuilding CXX object msg/CMakeFiles/uorb_msgs.dir/topics_sources/sensor_mag.cpp.o[0m
[ 27%] [32mBuilding CXX object msg/CMakeFiles/uorb_msgs.dir/topics_sources/servorail_status.cpp.o[0m
[35m[1mScanning dependencies of target parameters[0m
[ 27%] [32mBuilding CXX object msg/CMakeFiles/uorb_msgs.dir/topics_sources/subsystem_info.cpp.o[0m
[ 27%] [32mBuilding CXX object msg/CMakeFiles/uorb_msgs.dir/topics_sources/system_power.cpp.o[0m
[ 27%] [32mBuilding CXX object src/lib/parameters/CMakeFiles/parameters.dir/parameters.cpp.o[0m
[ 27%] [32mBuilding C object src/lib/parameters/CMakeFiles/parameters.dir/px4_parameters.c.o[0m
[ 28%] [32mBuilding CXX object msg/CMakeFiles/uorb_msgs.dir/topics_sources/task_stack_info.cpp.o[0m
[ 28%] [32mBuilding CXX object msg/CMakeFiles/uorb_msgs.dir/topics_sources/telemetry_status.cpp.o[0m
[ 28%] [32mBuilding CXX object msg/CMakeFiles/uorb_msgs.dir/topics_sources/tecs_status.cpp.o[0m
[ 28%] [32mBuilding CXX object msg/CMakeFiles/uorb_msgs.dir/topics_sources/test_motor.cpp.o[0m
[ 28%] [32mBuilding CXX object msg/CMakeFiles/uorb_msgs.dir/topics_sources/trajectory_waypoint.cpp.o[0m
[ 28%] [32mBuilding CXX object msg/CMakeFiles/uorb_msgs.dir/topics_sources/transponder_report.cpp.o[0m
[ 28%] [32mBuilding CXX object msg/CMakeFiles/uorb_msgs.dir/topics_sources/timesync_status.cpp.o[0m
[ 28%] [32mBuilding CXX object msg/CMakeFiles/uorb_msgs.dir/topics_sources/uavcan_parameter_request.cpp.o[0m
[ 28%] [32mBuilding CXX object msg/CMakeFiles/uorb_msgs.dir/topics_sources/uavcan_parameter_value.cpp.o[0m
[ 29%] [32mBuilding CXX object msg/CMakeFiles/uorb_msgs.dir/topics_sources/tune_control.cpp.o[0m
[ 29%] [32mBuilding CXX object msg/CMakeFiles/uorb_msgs.dir/topics_sources/ulog_stream.cpp.o[0m
[ 29%] [32mBuilding CXX object msg/CMakeFiles/uorb_msgs.dir/topics_sources/ulog_stream_ack.cpp.o[0m
[ 29%] [32mBuilding CXX object msg/CMakeFiles/uorb_msgs.dir/topics_sources/vehicle_acceleration.cpp.o[0m
[ 29%] [32mBuilding CXX object msg/CMakeFiles/uorb_msgs.dir/topics_sources/vehicle_air_data.cpp.o[0m
[ 30%] [32mBuilding CXX object msg/CMakeFiles/uorb_msgs.dir/topics_sources/vehicle_angular_velocity.cpp.o[0m
[ 30%] [32mBuilding CXX object msg/CMakeFiles/uorb_msgs.dir/topics_sources/vehicle_attitude_setpoint.cpp.o[0m
[ 30%] [32mBuilding CXX object msg/CMakeFiles/uorb_msgs.dir/topics_sources/vehicle_attitude.cpp.o[0m
[ 30%] [32mBuilding CXX object msg/CMakeFiles/uorb_msgs.dir/topics_sources/vehicle_control_mode.cpp.o[0m
[ 30%] [32mBuilding CXX object msg/CMakeFiles/uorb_msgs.dir/topics_sources/vehicle_command.cpp.o[0m
[ 30%] [32mBuilding CXX object msg/CMakeFiles/uorb_msgs.dir/topics_sources/vehicle_constraints.cpp.o[0m
[ 30%] [32mBuilding CXX object msg/CMakeFiles/uorb_msgs.dir/topics_sources/vehicle_command_ack.cpp.o[0m
[ 30%] [32mBuilding CXX object msg/CMakeFiles/uorb_msgs.dir/topics_sources/vehicle_global_position.cpp.o[0m
[ 30%] [32mBuilding CXX object msg/CMakeFiles/uorb_msgs.dir/topics_sources/vehicle_land_detected.cpp.o[0m
[ 31%] [32mBuilding CXX object msg/CMakeFiles/uorb_msgs.dir/topics_sources/vehicle_gps_position.cpp.o[0m
[ 31%] [32mBuilding CXX object msg/CMakeFiles/uorb_msgs.dir/topics_sources/vehicle_local_position.cpp.o[0m
[ 31%] [32mBuilding CXX object msg/CMakeFiles/uorb_msgs.dir/topics_sources/vehicle_local_position_setpoint.cpp.o[0m
[ 31%] [32mBuilding CXX object msg/CMakeFiles/uorb_msgs.dir/topics_sources/vehicle_odometry.cpp.o[0m
[ 31%] [32mBuilding CXX object msg/CMakeFiles/uorb_msgs.dir/topics_sources/vehicle_magnetometer.cpp.o[0m
[ 32%] [32mBuilding CXX object msg/CMakeFiles/uorb_msgs.dir/topics_sources/vehicle_roi.cpp.o[0m
[ 32%] [32mBuilding CXX object msg/CMakeFiles/uorb_msgs.dir/topics_sources/vehicle_rates_setpoint.cpp.o[0m
[ 32%] [32mBuilding CXX object msg/CMakeFiles/uorb_msgs.dir/topics_sources/vehicle_status.cpp.o[0m
[ 32%] [32mBuilding CXX object msg/CMakeFiles/uorb_msgs.dir/topics_sources/vehicle_trajectory_waypoint.cpp.o[0m
[ 32%] [32mBuilding CXX object msg/CMakeFiles/uorb_msgs.dir/topics_sources/vehicle_status_flags.cpp.o[0m
[ 32%] [32mBuilding CXX object msg/CMakeFiles/uorb_msgs.dir/topics_sources/vtol_vehicle_status.cpp.o[0m
[ 32%] [32mBuilding CXX object msg/CMakeFiles/uorb_msgs.dir/topics_sources/wheel_encoders.cpp.o[0m
[ 32%] [32mBuilding CXX object msg/CMakeFiles/uorb_msgs.dir/topics_sources/wind_estimate.cpp.o[0m
[ 33%] [32m[1mLinking CXX static library /home/rohit/catkin_ws/devel/.private/px4/lib/libuorb_msgs.a[0m
[ 33%] [32m[1mLinking CXX static library /home/rohit/catkin_ws/devel/.private/px4/lib/libparameters.a[0m
[ 33%] Built target parameters
[ 33%] Built target uorb_msgs
[35m[1mScanning dependencies of target generate_topic_listener[0m
[35m[1mScanning dependencies of target modules__uORB[0m
[ 33%] [34m[1mGenerating listener_generated.cpp[0m
[ 33%] [32mBuilding CXX object src/modules/uORB/CMakeFiles/modules__uORB.dir/Subscription.cpp.o[0m
[ 33%] [32mBuilding CXX object src/modules/uORB/CMakeFiles/modules__uORB.dir/uORBDeviceMaster.cpp.o[0m
[ 33%] [32mBuilding CXX object src/modules/uORB/CMakeFiles/modules__uORB.dir/SubscriptionPollable.cpp.o[0m
[ 33%] [32mBuilding CXX object src/modules/uORB/CMakeFiles/modules__uORB.dir/uORBDeviceNode.cpp.o[0m
[ 33%] [32mBuilding CXX object src/modules/uORB/CMakeFiles/modules__uORB.dir/uORBMain.cpp.o[0m
[ 34%] [32mBuilding CXX object src/modules/uORB/CMakeFiles/modules__uORB.dir/uORBUtils.cpp.o[0m
[ 34%] [32mBuilding CXX object src/modules/uORB/CMakeFiles/modules__uORB.dir/uORBManager.cpp.o[0m
[ 34%] [32mBuilding CXX object src/modules/uORB/CMakeFiles/modules__uORB.dir/uORB.cpp.o[0m
[ 34%] Built target generate_topic_listener
[ 34%] [32m[1mLinking CXX static library /home/rohit/catkin_ws/devel/.private/px4/lib/libmodules__uORB.a[0m
[ 34%] Built target modules__uORB
[35m[1mScanning dependencies of target px4_work_queue[0m
[ 34%] [32mBuilding CXX object platforms/common/px4_work_queue/CMakeFiles/px4_work_queue.dir/ScheduledWorkItem.cpp.o[0m
[ 34%] [32mBuilding CXX object platforms/common/px4_work_queue/CMakeFiles/px4_work_queue.dir/WorkQueue.cpp.o[0m
[ 34%] [32mBuilding CXX object platforms/common/px4_work_queue/CMakeFiles/px4_work_queue.dir/WorkItem.cpp.o[0m
[ 35%] [32mBuilding CXX object platforms/common/px4_work_queue/CMakeFiles/px4_work_queue.dir/WorkQueueManager.cpp.o[0m
[ 35%] [32m[1mLinking CXX static library /home/rohit/catkin_ws/devel/.private/px4/lib/libpx4_work_queue.a[0m
[ 35%] Built target px4_work_queue
[35m[1mScanning dependencies of target px4_platform[0m
[ 36%] [32mBuilding CXX object platforms/common/CMakeFiles/px4_platform.dir/shutdown.cpp.o[0m
[ 36%] [32mBuilding CXX object platforms/common/CMakeFiles/px4_platform.dir/module.cpp.o[0m
[ 36%] [32mBuilding CXX object platforms/common/CMakeFiles/px4_platform.dir/px4_cli.cpp.o[0m
[ 36%] [32mBuilding C object platforms/common/CMakeFiles/px4_platform.dir/px4_getopt.c.o[0m
[ 36%] [32mBuilding C object platforms/common/CMakeFiles/px4_platform.dir/px4_log.c.o[0m
[ 36%] [32m[1mLinking CXX static library /home/rohit/catkin_ws/devel/.private/px4/lib/libpx4_platform.a[0m
[ 36%] Built target px4_platform
[35m[1mScanning dependencies of target px4_daemon[0m
[ 36%] [32mBuilding CXX object platforms/posix/src/px4/common/px4_daemon/CMakeFiles/px4_daemon.dir/server.cpp.o[0m
[ 36%] [32mBuilding CXX object platforms/posix/src/px4/common/px4_daemon/CMakeFiles/px4_daemon.dir/client.cpp.o[0m
[ 36%] [32mBuilding CXX object platforms/posix/src/px4/common/px4_daemon/CMakeFiles/px4_daemon.dir/pxh.cpp.o[0m
[ 36%] [32mBuilding CXX object platforms/posix/src/px4/common/px4_daemon/CMakeFiles/px4_daemon.dir/server_io.cpp.o[0m
[ 37%] [32mBuilding CXX object platforms/posix/src/px4/common/px4_daemon/CMakeFiles/px4_daemon.dir/history.cpp.o[0m
[ 37%] [32mBuilding CXX object platforms/posix/src/px4/common/px4_daemon/CMakeFiles/px4_daemon.dir/sock_protocol.cpp.o[0m
[ 37%] [32m[1mLinking CXX static library /home/rohit/catkin_ws/devel/.private/px4/lib/libpx4_daemon.a[0m
[ 37%] Built target px4_daemon
[35m[1mScanning dependencies of target px4_layer[0m
[ 37%] [32mBuilding CXX object platforms/posix/src/px4/common/CMakeFiles/px4_layer.dir/px4_init.cpp.o[0m
[ 38%] [32mBuilding CXX object platforms/posix/src/px4/common/CMakeFiles/px4_layer.dir/px4_sem.cpp.o[0m
[ 38%] [32mBuilding CXX object platforms/posix/src/px4/common/CMakeFiles/px4_layer.dir/px4_posix_impl.cpp.o[0m
[ 38%] [32mBuilding CXX object platforms/posix/src/px4/common/CMakeFiles/px4_layer.dir/px4_posix_tasks.cpp.o[0m
[ 38%] [32mBuilding CXX object platforms/posix/src/px4/common/CMakeFiles/px4_layer.dir/drv_hrt.cpp.o[0m
[ 38%] [32mBuilding C object platforms/posix/src/px4/common/CMakeFiles/px4_layer.dir/lib_crc32.c.o[0m
[ 38%] [32m[1mLinking CXX static library /home/rohit/catkin_ws/devel/.private/px4/lib/libpx4_layer.a[0m
[ 38%] Built target px4_layer
[35m[1mScanning dependencies of target systemlib[0m
[ 38%] [32mBuilding C object src/lib/systemlib/CMakeFiles/systemlib.dir/conversions.c.o[0m
[ 38%] [32mBuilding C object src/lib/systemlib/CMakeFiles/systemlib.dir/crc.c.o[0m
[ 38%] [32mBuilding C object src/lib/systemlib/CMakeFiles/systemlib.dir/cpuload.c.o[0m
[ 40%] [32mBuilding CXX object src/lib/systemlib/CMakeFiles/systemlib.dir/mavlink_log.cpp.o[0m
[ 40%] [32mBuilding C object src/lib/systemlib/CMakeFiles/systemlib.dir/otp.c.o[0m
[ 40%] [32mBuilding C object src/lib/systemlib/CMakeFiles/systemlib.dir/print_load_posix.c.o[0m
[ 40%] [32m[1mLinking CXX static library /home/rohit/catkin_ws/devel/.private/px4/lib/libsystemlib.a[0m
[ 40%] Built target systemlib
[35m[1mScanning dependencies of target cdev[0m
[ 40%] [32mBuilding CXX object src/lib/cdev/CMakeFiles/cdev.dir/CDev.cpp.o[0m
[ 40%] [32mBuilding CXX object src/lib/cdev/CMakeFiles/cdev.dir/posix/cdev_platform.cpp.o[0m
[ 40%] [32mBuilding CXX object src/lib/cdev/CMakeFiles/cdev.dir/posix/vfile.cpp.o[0m
[ 40%] [32m[1mLinking CXX static library /home/rohit/catkin_ws/devel/.private/px4/lib/libcdev.a[0m
[ 40%] Built target cdev
[35m[1mScanning dependencies of target airspeed[0m
[35m[1mScanning dependencies of target CollisionPrevention[0m
[35m[1mScanning dependencies of target drivers_barometer[0m
[35m[1mScanning dependencies of target circuit_breaker[0m
[35m[1mScanning dependencies of target battery[0m
[35m[1mScanning dependencies of target conversion[0m
[35m[1mScanning dependencies of target controllib[0m
[35m[1mScanning dependencies of target lib__controllib__controllib_test[0m
[35m[1mScanning dependencies of target AirspeedValidator[0m
[35m[1mScanning dependencies of target lib__cdev__test__cdev_test[0m
[35m[1mScanning dependencies of target drivers__device[0m
[35m[1mScanning dependencies of target drivers_magnetometer[0m
[ 41%] [32mBuilding CXX object src/lib/circuit_breaker/CMakeFiles/circuit_breaker.dir/circuit_breaker.cpp.o[0m
[ 41%] [32mBuilding CXX object src/lib/airspeed/CMakeFiles/airspeed.dir/airspeed.cpp.o[0m
[ 41%] [32mBuilding CXX object src/lib/AirspeedValidator/CMakeFiles/AirspeedValidator.dir/AirspeedValidator.cpp.o[0m
[ 41%] [32mBuilding CXX object src/lib/cdev/test/CMakeFiles/lib__cdev__test__cdev_test.dir/cdevtest_example.cpp.o[0m
[ 41%] [32mBuilding CXX object src/lib/conversion/CMakeFiles/conversion.dir/rotation.cpp.o[0m
[ 41%] [32mBuilding CXX object src/lib/battery/CMakeFiles/battery.dir/battery.cpp.o[0m
[ 41%] [32mBuilding CXX object src/lib/drivers/barometer/CMakeFiles/drivers_barometer.dir/PX4Barometer.cpp.o[0m
[ 41%] [32mBuilding CXX object src/lib/CollisionPrevention/CMakeFiles/CollisionPrevention.dir/CollisionPrevention.cpp.o[0m
[ 41%] [32mBuilding CXX object src/lib/controllib/controllib_test/CMakeFiles/lib__controllib__controllib_test.dir/controllib_test_main.cpp.o[0m
[ 41%] [32mBuilding CXX object src/lib/drivers/magnetometer/CMakeFiles/drivers_magnetometer.dir/PX4Magnetometer.cpp.o[0m
[ 41%] [32mBuilding CXX object src/lib/drivers/device/CMakeFiles/drivers__device.dir/CDev.cpp.o[0m
[ 41%] [32mBuilding CXX object src/lib/controllib/CMakeFiles/controllib.dir/block/Block.cpp.o[0m
[ 41%] [32m[1mLinking CXX static library /home/rohit/catkin_ws/devel/.private/px4/lib/libairspeed.a[0m
[ 41%] [32m[1mLinking CXX static library /home/rohit/catkin_ws/devel/.private/px4/lib/libcircuit_breaker.a[0m
[ 41%] [32m[1mLinking CXX static library /home/rohit/catkin_ws/devel/.private/px4/lib/libdrivers_barometer.a[0m
[ 41%] [32mBuilding CXX object src/lib/cdev/test/CMakeFiles/lib__cdev__test__cdev_test.dir/cdevtest_main.cpp.o[0m
[ 41%] [32mBuilding CXX object src/lib/drivers/device/CMakeFiles/drivers__device.dir/ringbuffer.cpp.o[0m
[ 41%] [32m[1mLinking CXX static library /home/rohit/catkin_ws/devel/.private/px4/lib/libconversion.a[0m
[ 42%] [32m[1mLinking CXX static library /home/rohit/catkin_ws/devel/.private/px4/lib/libbattery.a[0m
[ 42%] Built target circuit_breaker
[ 42%] Built target airspeed
[ 42%] Built target drivers_barometer
[ 42%] [32mBuilding CXX object src/lib/drivers/device/CMakeFiles/drivers__device.dir/integrator.cpp.o[0m
[ 42%] [32mBuilding CXX object src/lib/controllib/CMakeFiles/controllib.dir/block/BlockParam.cpp.o[0m
[ 42%] [32m[1mLinking CXX static library /home/rohit/catkin_ws/devel/.private/px4/lib/libAirspeedValidator.a[0m
[ 42%] [32mBuilding CXX object src/lib/drivers/device/CMakeFiles/drivers__device.dir/posix/I2C.cpp.o[0m
[ 42%] [32mBuilding CXX object src/lib/controllib/CMakeFiles/controllib.dir/BlockDerivative.cpp.o[0m
[ 42%] [32m[1mLinking CXX static library /home/rohit/catkin_ws/devel/.private/px4/lib/libdrivers_magnetometer.a[0m
[ 42%] Built target conversion
[ 43%] [32mBuilding CXX object src/lib/cdev/test/CMakeFiles/lib__cdev__test__cdev_test.dir/cdevtest_start.cpp.o[0m
[ 43%] [32mBuilding CXX object src/lib/controllib/CMakeFiles/controllib.dir/BlockHighPass.cpp.o[0m
[ 43%] Built target battery
[ 43%] [32mBuilding CXX object src/lib/drivers/device/CMakeFiles/drivers__device.dir/posix/SPI.cpp.o[0m
[ 43%] Built target drivers_magnetometer
[ 43%] Built target AirspeedValidator
[35m[1mScanning dependencies of target mathlib[0m
[35m[1mScanning dependencies of target FlightTask[0m
[35m[1mScanning dependencies of target landing_slope[0m
[35m[1mScanning dependencies of target hysteresis[0m
[ 43%] [32mBuilding CXX object src/lib/controllib/CMakeFiles/controllib.dir/BlockIntegral.cpp.o[0m
[ 43%] [32mBuilding CXX object src/lib/mathlib/CMakeFiles/mathlib.dir/math/test/test.cpp.o[0m
[ 43%] [32mBuilding CXX object src/lib/FlightTasks/tasks/FlightTask/CMakeFiles/FlightTask.dir/FlightTask.cpp.o[0m
[ 43%] [32mBuilding CXX object src/lib/landing_slope/CMakeFiles/landing_slope.dir/Landingslope.cpp.o[0m
[ 43%] [32mBuilding CXX object src/lib/hysteresis/CMakeFiles/hysteresis.dir/hysteresis.cpp.o[0m
[35m[1mScanning dependencies of target output_limit[0m
[ 43%] [32mBuilding CXX object src/lib/mathlib/CMakeFiles/mathlib.dir/math/matrix_alg.cpp.o[0m
[ 43%] [32m[1mLinking CXX static library /home/rohit/catkin_ws/devel/.private/px4/lib/liblib__cdev__test__cdev_test.a[0m
[ 43%] [32mBuilding CXX object src/lib/output_limit/CMakeFiles/output_limit.dir/output_limit.cpp.o[0m
[ 43%] [32m[1mLinking CXX static library /home/rohit/catkin_ws/devel/.private/px4/lib/libdrivers__device.a[0m
[ 43%] [32mBuilding CXX object src/lib/mathlib/CMakeFiles/mathlib.dir/math/filter/LowPassFilter2p.cpp.o[0m
[ 43%] [32m[1mLinking CXX static library /home/rohit/catkin_ws/devel/.private/px4/lib/libhysteresis.a[0m
[ 43%] Built target lib__cdev__test__cdev_test
[ 43%] [32m[1mLinking CXX static library /home/rohit/catkin_ws/devel/.private/px4/lib/liblib__controllib__controllib_test.a[0m
[ 43%] [32mBuilding CXX object src/lib/mathlib/CMakeFiles/mathlib.dir/math/filter/LowPassFilter2pVector3f.cpp.o[0m
[ 44%] [32mBuilding CXX object src/lib/controllib/CMakeFiles/controllib.dir/BlockIntegralTrap.cpp.o[0m
[ 44%] [32m[1mLinking CXX static library /home/rohit/catkin_ws/devel/.private/px4/lib/liblanding_slope.a[0m
[ 44%] Built target hysteresis
[ 44%] Built target drivers__device
[35m[1mScanning dependencies of target pid[0m
[35m[1mScanning dependencies of target lib__rc__rc_tests[0m
[ 44%] [32mBuilding CXX object src/lib/pid/CMakeFiles/pid.dir/pid.cpp.o[0m
[35m[1mScanning dependencies of target tunes[0m
[ 44%] Built target lib__controllib__controllib_test
[ 44%] [32mBuilding CXX object src/lib/tunes/CMakeFiles/tunes.dir/tunes.cpp.o[0m
[ 44%] [32mBuilding CXX object src/lib/controllib/CMakeFiles/controllib.dir/BlockLimit.cpp.o[0m
[ 44%] [32mBuilding CXX object src/lib/rc/rc_tests/CMakeFiles/lib__rc__rc_tests.dir/RCTest.cpp.o[0m
[ 44%] [32m[1mLinking CXX static library /home/rohit/catkin_ws/devel/.private/px4/lib/liboutput_limit.a[0m
[ 44%] Built target landing_slope
[ 44%] [32mBuilding CXX object src/lib/tunes/CMakeFiles/tunes.dir/default_tunes.cpp.o[0m
[ 44%] [32mBuilding CXX object src/lib/controllib/CMakeFiles/controllib.dir/BlockLimitSym.cpp.o[0m
[ 44%] [32mBuilding CXX object src/lib/controllib/CMakeFiles/controllib.dir/BlockLowPass.cpp.o[0m
[ 44%] [32m[1mLinking CXX static library /home/rohit/catkin_ws/devel/.private/px4/lib/libmathlib.a[0m
[ 44%] Built target output_limit
[35m[1mScanning dependencies of target WeatherVane[0m
[35m[1mScanning dependencies of target arch_tone_alarm[0m
[ 45%] [32mBuilding CXX object src/lib/WeatherVane/CMakeFiles/WeatherVane.dir/WeatherVane.cpp.o[0m
[ 45%] Built target mathlib
[ 45%] [32m[1mLinking CXX static library /home/rohit/catkin_ws/devel/.private/px4/lib/libpid.a[0m
[ 45%] [32mBuilding CXX object src/lib/controllib/CMakeFiles/controllib.dir/BlockLowPass2.cpp.o[0m
[ 45%] [32m[1mLinking CXX static library /home/rohit/catkin_ws/devel/.private/px4/lib/libCollisionPrevention.a[0m
[35m[1mScanning dependencies of target lib__work_queue__test__wqueue_test[0m
[ 45%] [32mBuilding CXX object platforms/posix/src/px4/generic/generic/tone_alarm/CMakeFiles/arch_tone_alarm.dir/ToneAlarmInterface.cpp.o[0m
[35m[1mScanning dependencies of target modules__uORB__uORB_tests[0m
[ 45%] [32mBuilding CXX object platforms/common/px4_work_queue/test/CMakeFiles/lib__work_queue__test__wqueue_test.dir/wqueue_main.cpp.o[0m
[ 45%] [32m[1mLinking CXX static library /home/rohit/catkin_ws/devel/.private/px4/lib/liblib__rc__rc_tests.a[0m
[ 46%] [32mBuilding CXX object platforms/common/px4_work_queue/test/CMakeFiles/lib__work_queue__test__wqueue_test.dir/wqueue_scheduled_test.cpp.o[0m
[ 47%] [32m[1mLinking CXX static library /home/rohit/catkin_ws/devel/.private/px4/lib/libFlightTask.a[0m
[ 47%] [32mBuilding CXX object platforms/common/px4_work_queue/test/CMakeFiles/lib__work_queue__test__wqueue_test.dir/wqueue_start.cpp.o[0m
[ 47%] [32m[1mLinking CXX static library /home/rohit/catkin_ws/devel/.private/px4/lib/libcontrollib.a[0m
[ 47%] [32m[1mLinking CXX static library /home/rohit/catkin_ws/devel/.private/px4/lib/libtunes.a[0m
[ 47%] [32m[1mLinking CXX static library /home/rohit/catkin_ws/devel/.private/px4/lib/libarch_tone_alarm.a[0m
[ 47%] [32m[1mLinking CXX static library /home/rohit/catkin_ws/devel/.private/px4/lib/libWeatherVane.a[0m
[ 47%] Built target pid
[ 47%] [32mBuilding CXX object src/modules/uORB/uORB_tests/CMakeFiles/modules__uORB__uORB_tests.dir/uORB_tests_main.cpp.o[0m
[35m[1mScanning dependencies of target drivers__camera_trigger[0m
[ 47%] [32mBuilding CXX object platforms/common/px4_work_queue/test/CMakeFiles/lib__work_queue__test__wqueue_test.dir/wqueue_test.cpp.o[0m
[ 47%] [32mBuilding CXX object src/modules/uORB/uORB_tests/CMakeFiles/modules__uORB__uORB_tests.dir/uORBTest_UnitTest.cpp.o[0m
[ 47%] [32m[1mLinking CXX static library /home/rohit/catkin_ws/devel/.private/px4/lib/liblib__work_queue__test__wqueue_test.a[0m
[ 47%] [32mBuilding CXX object src/drivers/camera_trigger/CMakeFiles/drivers__camera_trigger.dir/camera_trigger.cpp.o[0m
[ 47%] Built target CollisionPrevention
[35m[1mScanning dependencies of target drivers__gps[0m
[ 47%] [32mBuilding CXX object src/drivers/camera_trigger/CMakeFiles/drivers__camera_trigger.dir/interfaces/src/camera_interface.cpp.o[0m
[ 48%] Built target tunes
[ 48%] Built target lib__rc__rc_tests
[ 48%] [32mBuilding CXX object src/drivers/gps/CMakeFiles/drivers__gps.dir/gps.cpp.o[0m
[ 48%] [32mBuilding CXX object src/drivers/gps/CMakeFiles/drivers__gps.dir/devices/src/gps_helper.cpp.o[0m
[ 48%] Built target controllib
[ 48%] Built target FlightTask
[ 48%] [32mBuilding CXX object src/drivers/camera_trigger/CMakeFiles/drivers__camera_trigger.dir/interfaces/src/pwm.cpp.o[0m
[ 48%] [32mBuilding CXX object src/drivers/camera_trigger/CMakeFiles/drivers__camera_trigger.dir/interfaces/src/seagull_map2.cpp.o[0m
[35m[1mScanning dependencies of target drivers__pwm_out_sim[0m
[ 48%] [32mBuilding CXX object src/drivers/gps/CMakeFiles/drivers__gps.dir/devices/src/mtk.cpp.o[0m
[ 48%] Built target WeatherVane
[35m[1mScanning dependencies of target modules__attitude_estimator_q[0m
[ 48%] Built target arch_tone_alarm
[ 48%] [32mBuilding CXX object src/drivers/pwm_out_sim/CMakeFiles/drivers__pwm_out_sim.dir/PWMSim.cpp.o[0m
[35m[1mScanning dependencies of target failure_detector[0m
[ 48%] [32mBuilding CXX object src/drivers/gps/CMakeFiles/drivers__gps.dir/devices/src/ashtech.cpp.o[0m
[35m[1mScanning dependencies of target modules__camera_feedback[0m
[ 48%] [32mBuilding CXX object src/drivers/camera_trigger/CMakeFiles/drivers__camera_trigger.dir/interfaces/src/gpio.cpp.o[0m
[ 48%] [32mBuilding CXX object src/modules/camera_feedback/CMakeFiles/modules__camera_feedback.dir/camera_feedback.cpp.o[0m
[ 48%] [32mBuilding CXX object src/modules/commander/failure_detector/CMakeFiles/failure_detector.dir/FailureDetector.cpp.o[0m
[ 48%] [32mBuilding CXX object src/modules/attitude_estimator_q/CMakeFiles/modules__attitude_estimator_q.dir/attitude_estimator_q_main.cpp.o[0m
[35m[1mScanning dependencies of target modules__commander__commander_tests[0m
[ 48%] Built target lib__work_queue__test__wqueue_test
[35m[1mScanning dependencies of target modules__dataman[0m
[ 48%] [32mBuilding CXX object src/drivers/gps/CMakeFiles/drivers__gps.dir/devices/src/ubx.cpp.o[0m
[ 48%] [32mBuilding CXX object src/modules/commander/commander_tests/CMakeFiles/modules__commander__commander_tests.dir/commander_tests.cpp.o[0m
[ 49%] [32mBuilding CXX object src/modules/dataman/CMakeFiles/modules__dataman.dir/dataman.cpp.o[0m
[ 49%] [32mBuilding CXX object src/drivers/gps/CMakeFiles/drivers__gps.dir/devices/src/rtcm.cpp.o[0m
[ 49%] [32m[1mLinking CXX static library /home/rohit/catkin_ws/devel/.private/px4/lib/libmodules__uORB__uORB_tests.a[0m
[35m[1mScanning dependencies of target modules__events[0m
[ 49%] [32mBuilding CXX object src/modules/commander/commander_tests/CMakeFiles/modules__commander__commander_tests.dir/state_machine_helper_test.cpp.o[0m
[ 49%] Built target modules__uORB__uORB_tests
[ 50%] [32m[1mLinking CXX static library /home/rohit/catkin_ws/devel/.private/px4/lib/libmodules__camera_feedback.a[0m
[ 51%] [32m[1mLinking CXX static library /home/rohit/catkin_ws/devel/.private/px4/lib/libdrivers__camera_trigger.a[0m
[ 51%] [32mBuilding CXX object src/modules/events/CMakeFiles/modules__events.dir/rc_loss_alarm.cpp.o[0m
[ 51%] [32mBuilding CXX object src/modules/events/CMakeFiles/modules__events.dir/send_event.cpp.o[0m
[ 51%] Built target drivers__camera_trigger
[ 51%] Built target modules__camera_feedback
[ 51%] [32mBuilding CXX object src/modules/events/CMakeFiles/modules__events.dir/set_leds.cpp.o[0m
[ 51%] [32mBuilding CXX object src/modules/commander/commander_tests/CMakeFiles/modules__commander__commander_tests.dir/__/state_machine_helper.cpp.o[0m
[ 51%] [32mBuilding CXX object src/modules/commander/commander_tests/CMakeFiles/modules__commander__commander_tests.dir/__/PreflightCheck.cpp.o[0m
[35m[1mScanning dependencies of target modules__fw_att_control[0m
[ 51%] [32mBuilding CXX object src/drivers/gps/CMakeFiles/drivers__gps.dir/devices/src/emlid_reach.cpp.o[0m
[ 51%] [32mBuilding CXX object src/modules/fw_att_control/CMakeFiles/modules__fw_att_control.dir/FixedwingAttitudeControl.cpp.o[0m
[ 52%] [32m[1mLinking CXX static library /home/rohit/catkin_ws/devel/.private/px4/lib/libdrivers__pwm_out_sim.a[0m
[ 52%] [32m[1mLinking CXX static library /home/rohit/catkin_ws/devel/.private/px4/lib/libmodules__dataman.a[0m
[35m[1mScanning dependencies of target launchdetection[0m
[ 52%] [32m[1mLinking CXX static library /home/rohit/catkin_ws/devel/.private/px4/lib/libfailure_detector.a[0m
[35m[1mScanning dependencies of target runway_takeoff[0m
[ 53%] [32mBuilding CXX object src/modules/fw_pos_control_l1/launchdetection/CMakeFiles/launchdetection.dir/LaunchDetector.cpp.o[0m
[ 53%] Built target drivers__pwm_out_sim
[ 53%] [32mBuilding CXX object src/modules/fw_pos_control_l1/launchdetection/CMakeFiles/launchdetection.dir/CatapultLaunchMethod.cpp.o[0m
[ 53%] Built target modules__dataman
[ 53%] [32mBuilding CXX object src/modules/fw_pos_control_l1/runway_takeoff/CMakeFiles/runway_takeoff.dir/RunwayTakeoff.cpp.o[0m
[35m[1mScanning dependencies of target modules__rover_pos_control[0m
[ 53%] [32mBuilding CXX object src/modules/events/CMakeFiles/modules__events.dir/status_display.cpp.o[0m
[ 53%] Built target failure_detector
[ 54%] [32mBuilding CXX object src/modules/events/CMakeFiles/modules__events.dir/subscriber_handler.cpp.o[0m
[ 54%] [32mBuilding CXX object src/modules/events/CMakeFiles/modules__events.dir/temperature_calibration/accel.cpp.o[0m
[ 55%] [32m[1mLinking CXX static library /home/rohit/catkin_ws/devel/.private/px4/lib/libdrivers__gps.a[0m
[ 55%] [32mBuilding CXX object src/modules/rover_pos_control/CMakeFiles/modules__rover_pos_control.dir/RoverPositionControl.cpp.o[0m
[ 55%] [32mBuilding CXX object src/modules/events/CMakeFiles/modules__events.dir/temperature_calibration/baro.cpp.o[0m
[35m[1mScanning dependencies of target modules__land_detector[0m
[ 55%] Built target drivers__gps
[ 55%] [32mBuilding CXX object src/modules/events/CMakeFiles/modules__events.dir/temperature_calibration/gyro.cpp.o[0m
[ 55%] [32m[1mLinking CXX static library /home/rohit/catkin_ws/devel/.private/px4/lib/liblaunchdetection.a[0m
[35m[1mScanning dependencies of target modules__landing_target_estimator[0m
[35m[1mScanning dependencies of target modules__load_mon[0m
[ 55%] [32mBuilding CXX object src/modules/land_detector/CMakeFiles/modules__land_detector.dir/land_detector_main.cpp.o[0m
[ 55%] [32mBuilding CXX object src/modules/landing_target_estimator/CMakeFiles/modules__landing_target_estimator.dir/landing_target_estimator_main.cpp.o[0m
[ 55%] [32mBuilding CXX object src/modules/load_mon/CMakeFiles/modules__load_mon.dir/load_mon.cpp.o[0m
[ 55%] Built target launchdetection
[ 55%] [32m[1mLinking CXX static library /home/rohit/catkin_ws/devel/.private/px4/lib/librunway_takeoff.a[0m
[ 55%] [32mBuilding CXX object src/modules/landing_target_estimator/CMakeFiles/modules__landing_target_estimator.dir/LandingTargetEstimator.cpp.o[0m
[ 55%] [32m[1mLinking CXX static library /home/rohit/catkin_ws/devel/.private/px4/lib/libmodules__commander__commander_tests.a[0m
[ 55%] [32m[1mLinking CXX static library /home/rohit/catkin_ws/devel/.private/px4/lib/libmodules__attitude_estimator_q.a[0m
[ 55%] Built target runway_takeoff
[35m[1mScanning dependencies of target modules__local_position_estimator[0m
[ 55%] [32mBuilding CXX object src/modules/landing_target_estimator/CMakeFiles/modules__landing_target_estimator.dir/KalmanFilter.cpp.o[0m
[ 55%] Built target modules__commander__commander_tests
[ 55%] Built target modules__attitude_estimator_q
[ 55%] [32mBuilding CXX object src/modules/events/CMakeFiles/modules__events.dir/temperature_calibration/task.cpp.o[0m
[35m[1mScanning dependencies of target modules__mavlink[0m
[35m[1mScanning dependencies of target modules__logger[0m
[ 55%] [32mBuilding CXX object src/modules/local_position_estimator/CMakeFiles/modules__local_position_estimator.dir/local_position_estimator_main.cpp.o[0m
[ 56%] [32m[1mLinking CXX static library /home/rohit/catkin_ws/devel/.private/px4/lib/libmodules__load_mon.a[0m
[ 56%] [32mBuilding CXX object src/modules/land_detector/CMakeFiles/modules__land_detector.dir/LandDetector.cpp.o[0m
[ 56%] [32mBuilding CXX object src/modules/logger/CMakeFiles/modules__logger.dir/logger.cpp.o[0m
[35m[1mScanning dependencies of target modules__mavlink__mavlink_tests[0m
[ 56%] Built target modules__load_mon
[ 57%] [32m[1mLinking CXX static library /home/rohit/catkin_ws/devel/.private/px4/lib/libmodules__fw_att_control.a[0m
[ 57%] [32mBuilding C object src/modules/mavlink/CMakeFiles/modules__mavlink.dir/mavlink.c.o[0m
[ 57%] [32mBuilding CXX object src/modules/mavlink/CMakeFiles/modules__mavlink.dir/mavlink_command_sender.cpp.o[0m
[ 57%] [32mBuilding CXX object src/modules/land_detector/CMakeFiles/modules__land_detector.dir/MulticopterLandDetector.cpp.o[0m
[ 58%] [32mBuilding CXX object src/modules/mavlink/CMakeFiles/modules__mavlink.dir/mavlink_ftp.cpp.o[0m
[ 58%] [32m[1mLinking CXX static library /home/rohit/catkin_ws/devel/.private/px4/lib/libmodules__rover_pos_control.a[0m
[ 58%] [32mBuilding CXX object src/modules/mavlink/mavlink_tests/CMakeFiles/modules__mavlink__mavlink_tests.dir/mavlink_tests.cpp.o[0m
[ 58%] [32m[1mLinking CXX static library /home/rohit/catkin_ws/devel/.private/px4/lib/libmodules__landing_target_estimator.a[0m
[ 58%] Built target modules__fw_att_control
[ 58%] [32m[1mLinking CXX static library /home/rohit/catkin_ws/devel/.private/px4/lib/libmodules__events.a[0m
[ 58%] [32mBuilding CXX object src/modules/mavlink/mavlink_tests/CMakeFiles/modules__mavlink__mavlink_tests.dir/mavlink_ftp_test.cpp.o[0m
[ 58%] Built target modules__rover_pos_control
[ 58%] Built target modules__landing_target_estimator
[ 58%] [32mBuilding CXX object src/modules/mavlink/mavlink_tests/CMakeFiles/modules__mavlink__mavlink_tests.dir/__/mavlink_stream.cpp.o[0m
[ 58%] [32mBuilding CXX object src/modules/land_detector/CMakeFiles/modules__land_detector.dir/FixedwingLandDetector.cpp.o[0m
[ 58%] Built target modules__events
[ 60%] [32mBuilding CXX object src/modules/land_detector/CMakeFiles/modules__land_detector.dir/VtolLandDetector.cpp.o[0m
[35m[1mScanning dependencies of target AttitudeControl[0m
[ 60%] [32mBuilding CXX object src/modules/mc_att_control/AttitudeControl/CMakeFiles/AttitudeControl.dir/AttitudeControl.cpp.o[0m
[ 60%] [32mBuilding CXX object src/modules/local_position_estimator/CMakeFiles/modules__local_position_estimator.dir/BlockLocalPositionEstimator.cpp.o[0m
[35m[1mScanning dependencies of target RateControl[0m
[ 60%] [32mBuilding CXX object src/modules/mc_att_control/RateControl/CMakeFiles/RateControl.dir/RateControl.cpp.o[0m
[ 60%] [32mBuilding CXX object src/modules/mavlink/CMakeFiles/modules__mavlink.dir/mavlink_high_latency2.cpp.o[0m
[ 60%] [32mBuilding CXX object src/modules/land_detector/CMakeFiles/modules__land_detector.dir/RoverLandDetector.cpp.o[0m
[ 60%] [32m[1mLinking CXX static library /home/rohit/catkin_ws/devel/.private/px4/lib/libAttitudeControl.a[0m
[ 60%] [32m[1mLinking CXX static library /home/rohit/catkin_ws/devel/.private/px4/lib/libRateControl.a[0m
[ 60%] [32mBuilding CXX object src/modules/local_position_estimator/CMakeFiles/modules__local_position_estimator.dir/sensors/flow.cpp.o[0m
[ 60%] [32mBuilding CXX object src/modules/local_position_estimator/CMakeFiles/modules__local_position_estimator.dir/sensors/lidar.cpp.o[0m
[ 60%] Built target AttitudeControl
[ 60%] Built target RateControl
[ 60%] [32mBuilding CXX object src/modules/local_position_estimator/CMakeFiles/modules__local_position_estimator.dir/sensors/sonar.cpp.o[0m
[ 60%] [32mBuilding CXX object src/modules/local_position_estimator/CMakeFiles/modules__local_position_estimator.dir/sensors/gps.cpp.o[0m
[ 61%] [32mBuilding CXX object src/modules/local_position_estimator/CMakeFiles/modules__local_position_estimator.dir/sensors/baro.cpp.o[0m
[ 62%] [32mBuilding CXX object src/modules/logger/CMakeFiles/modules__logger.dir/log_writer.cpp.o[0m
[ 62%] [32m[1mLinking CXX static library /home/rohit/catkin_ws/devel/.private/px4/lib/libmodules__land_detector.a[0m
[ 62%] [32mBuilding CXX object src/modules/logger/CMakeFiles/modules__logger.dir/log_writer_file.cpp.o[0m
[ 62%] [32mBuilding CXX object src/modules/logger/CMakeFiles/modules__logger.dir/log_writer_mavlink.cpp.o[0m
[ 62%] [32mBuilding CXX object src/modules/mavlink/mavlink_tests/CMakeFiles/modules__mavlink__mavlink_tests.dir/__/mavlink_ftp.cpp.o[0m
[ 62%] [32mBuilding CXX object src/modules/logger/CMakeFiles/modules__logger.dir/util.cpp.o[0m
[ 62%] Built target modules__land_detector
[ 62%] [32mBuilding CXX object src/modules/logger/CMakeFiles/modules__logger.dir/watchdog.cpp.o[0m
[ 62%] [32mBuilding CXX object src/modules/mavlink/CMakeFiles/modules__mavlink.dir/mavlink_log_handler.cpp.o[0m
[35m[1mScanning dependencies of target Takeoff[0m
[ 62%] [32mBuilding CXX object src/modules/mc_pos_control/Takeoff/CMakeFiles/Takeoff.dir/Takeoff.cpp.o[0m
[ 62%] [32mBuilding CXX object src/modules/local_position_estimator/CMakeFiles/modules__local_position_estimator.dir/sensors/vision.cpp.o[0m
[35m[1mScanning dependencies of target modules__navigator[0m
[35m[1mScanning dependencies of target modules__replay[0m
[35m[1mScanning dependencies of target vehicle_acceleration[0m
[ 63%] [32mBuilding CXX object src/modules/replay/CMakeFiles/modules__replay.dir/replay_main.cpp.o[0m
[ 63%] [32mBuilding CXX object src/modules/sensors/vehicle_acceleration/CMakeFiles/vehicle_acceleration.dir/VehicleAcceleration.cpp.o[0m
[ 63%] [32mBuilding CXX object src/modules/navigator/CMakeFiles/modules__navigator.dir/navigator_main.cpp.o[0m
[ 63%] [32m[1mLinking CXX static library /home/rohit/catkin_ws/devel/.private/px4/lib/libTakeoff.a[0m
[ 63%] [32mBuilding CXX object src/modules/navigator/CMakeFiles/modules__navigator.dir/navigator_mode.cpp.o[0m
[ 64%] [32mBuilding CXX object src/modules/navigator/CMakeFiles/modules__navigator.dir/mission_block.cpp.o[0m
[ 64%] Built target Takeoff
[ 64%] [32m[1mLinking CXX static library /home/rohit/catkin_ws/devel/.private/px4/lib/libmodules__logger.a[0m
[ 64%] [32mBuilding CXX object src/modules/mavlink/CMakeFiles/modules__mavlink.dir/mavlink_main.cpp.o[0m
[35m[1mScanning dependencies of target vehicle_angular_velocity[0m
[ 64%] [32mBuilding CXX object src/modules/sensors/vehicle_angular_velocity/CMakeFiles/vehicle_angular_velocity.dir/VehicleAngularVelocity.cpp.o[0m
[ 64%] Built target modules__logger
[35m[1mScanning dependencies of target drivers__vmount[0m
[ 64%] [32mBuilding CXX object src/modules/mavlink/CMakeFiles/modules__mavlink.dir/mavlink_messages.cpp.o[0m
[ 64%] [32mBuilding CXX object src/modules/vmount/CMakeFiles/drivers__vmount.dir/input.cpp.o[0m
[35m[1mScanning dependencies of target modules__vtol_att_control[0m
[ 64%] [32mBuilding CXX object src/modules/local_position_estimator/CMakeFiles/modules__local_position_estimator.dir/sensors/mocap.cpp.o[0m
[ 64%] [32mBuilding CXX object src/modules/replay/CMakeFiles/modules__replay.dir/Replay.cpp.o[0m
[ 64%] [32mBuilding CXX object src/modules/vmount/CMakeFiles/drivers__vmount.dir/input_mavlink.cpp.o[0m
[ 64%] [32mBuilding CXX object src/modules/vtol_att_control/CMakeFiles/modules__vtol_att_control.dir/vtol_att_control_main.cpp.o[0m
[ 64%] [32mBuilding CXX object src/modules/navigator/CMakeFiles/modules__navigator.dir/mission.cpp.o[0m
[ 64%] [32m[1mLinking CXX static library /home/rohit/catkin_ws/devel/.private/px4/lib/libvehicle_acceleration.a[0m
[ 64%] [32m[1mLinking CXX static library /home/rohit/catkin_ws/devel/.private/px4/lib/libmodules__mavlink__mavlink_tests.a[0m
[ 64%] Built target vehicle_acceleration
[35m[1mScanning dependencies of target modules__airspeed_selector[0m
[ 65%] [32mBuilding CXX object src/modules/vmount/CMakeFiles/drivers__vmount.dir/input_rc.cpp.o[0m
[ 65%] Built target modules__mavlink__mavlink_tests
[ 65%] [32mBuilding CXX object src/modules/vmount/CMakeFiles/drivers__vmount.dir/input_test.cpp.o[0m
[ 66%] [32mBuilding CXX object src/modules/airspeed_selector/CMakeFiles/modules__airspeed_selector.dir/airspeed_selector_main.cpp.o[0m
[ 66%] [32m[1mLinking CXX static library /home/rohit/catkin_ws/devel/.private/px4/lib/libvehicle_angular_velocity.a[0m
[ 66%] [32mBuilding CXX object src/modules/local_position_estimator/CMakeFiles/modules__local_position_estimator.dir/sensors/land.cpp.o[0m
[ 66%] [32mBuilding CXX object src/modules/local_position_estimator/CMakeFiles/modules__local_position_estimator.dir/sensors/landing_target.cpp.o[0m
[ 66%] [32mBuilding CXX object src/modules/replay/CMakeFiles/modules__replay.dir/ReplayEkf2.cpp.o[0m
[ 66%] [32mBuilding CXX object src/modules/vmount/CMakeFiles/drivers__vmount.dir/output.cpp.o[0m
[ 66%] Built target vehicle_angular_velocity
[ 66%] [32mBuilding CXX object src/modules/navigator/CMakeFiles/modules__navigator.dir/loiter.cpp.o[0m
[ 66%] [32mBuilding CXX object src/modules/mavlink/CMakeFiles/modules__mavlink.dir/mavlink_mission.cpp.o[0m
[ 66%] [32mBuilding CXX object src/modules/vtol_att_control/CMakeFiles/modules__vtol_att_control.dir/tiltrotor.cpp.o[0m
[ 66%] [32mBuilding CXX object src/modules/vmount/CMakeFiles/drivers__vmount.dir/output_mavlink.cpp.o[0m
[ 66%] [32mBuilding CXX object src/modules/vmount/CMakeFiles/drivers__vmount.dir/output_rc.cpp.o[0m
[ 66%] [32m[1mLinking CXX static library /home/rohit/catkin_ws/devel/.private/px4/lib/libmodules__local_position_estimator.a[0m
[ 66%] [32mBuilding CXX object src/modules/vmount/CMakeFiles/drivers__vmount.dir/vmount.cpp.o[0m
[35m[1mScanning dependencies of target systemcmds__dyn[0m
[ 66%] [32mBuilding CXX object src/modules/mavlink/CMakeFiles/modules__mavlink.dir/mavlink_orb_subscription.cpp.o[0m
[ 66%] Built target modules__local_position_estimator
[ 67%] [32mBuilding CXX object src/modules/mavlink/CMakeFiles/modules__mavlink.dir/mavlink_parameters.cpp.o[0m
[ 67%] [32mBuilding CXX object src/modules/mavlink/CMakeFiles/modules__mavlink.dir/mavlink_rate_limiter.cpp.o[0m
[ 67%] [32mBuilding CXX object src/modules/navigator/CMakeFiles/modules__navigator.dir/rtl.cpp.o[0m
[ 67%] [32mBuilding CXX object src/systemcmds/dyn/CMakeFiles/systemcmds__dyn.dir/dyn.cpp.o[0m
[ 67%] [32m[1mLinking CXX static library /home/rohit/catkin_ws/devel/.private/px4/lib/libmodules__airspeed_selector.a[0m
[ 67%] [32mBuilding CXX object src/modules/mavlink/CMakeFiles/modules__mavlink.dir/mavlink_receiver.cpp.o[0m
[ 68%] [32mBuilding CXX object src/modules/vtol_att_control/CMakeFiles/modules__vtol_att_control.dir/vtol_type.cpp.o[0m
[ 68%] Built target modules__airspeed_selector
[ 68%] [32m[1mLinking CXX static library /home/rohit/catkin_ws/devel/.private/px4/lib/libsystemcmds__dyn.a[0m
[35m[1mScanning dependencies of target systemcmds__esc_calib[0m
[ 68%] [32m[1mLinking CXX static library /home/rohit/catkin_ws/devel/.private/px4/lib/libmodules__replay.a[0m
[ 68%] [32mBuilding C object src/systemcmds/esc_calib/CMakeFiles/systemcmds__esc_calib.dir/esc_calib.c.o[0m
[ 68%] Built target systemcmds__dyn
[ 68%] [32mBuilding CXX object src/modules/mavlink/CMakeFiles/modules__mavlink.dir/mavlink_shell.cpp.o[0m
[ 68%] [32mBuilding CXX object src/modules/vtol_att_control/CMakeFiles/modules__vtol_att_control.dir/tailsitter.cpp.o[0m
[ 68%] Built target modules__replay
[ 68%] [32m[1mLinking CXX static library /home/rohit/catkin_ws/devel/.private/px4/lib/libdrivers__vmount.a[0m
[35m[1mScanning dependencies of target systemcmds__led_control[0m
[ 69%] [32m[1mLinking CXX static library /home/rohit/catkin_ws/devel/.private/px4/lib/libsystemcmds__esc_calib.a[0m
[35m[1mScanning dependencies of target systemcmds__mixer[0m
[ 69%] [32mBuilding CXX object src/systemcmds/led_control/CMakeFiles/systemcmds__led_control.dir/led_control.cpp.o[0m
[ 69%] Built target drivers__vmount
[ 69%] [32mBuilding CXX object src/systemcmds/mixer/CMakeFiles/systemcmds__mixer.dir/mixer.cpp.o[0m
[ 69%] [32mBuilding CXX object src/modules/navigator/CMakeFiles/modules__navigator.dir/takeoff.cpp.o[0m
[ 69%] [32mBuilding CXX object src/modules/vtol_att_control/CMakeFiles/modules__vtol_att_control.dir/standard.cpp.o[0m
[ 69%] Built target systemcmds__esc_calib
[ 69%] [32mBuilding CXX object src/modules/mavlink/CMakeFiles/modules__mavlink.dir/mavlink_simple_analyzer.cpp.o[0m
[ 69%] [32m[1mLinking CXX static library /home/rohit/catkin_ws/devel/.private/px4/lib/libsystemcmds__led_control.a[0m
[ 69%] [32m[1mLinking CXX static library /home/rohit/catkin_ws/devel/.private/px4/lib/libsystemcmds__mixer.a[0m
[ 69%] [32mBuilding CXX object src/modules/mavlink/CMakeFiles/modules__mavlink.dir/mavlink_stream.cpp.o[0m
[ 69%] [32mBuilding CXX object src/modules/navigator/CMakeFiles/modules__navigator.dir/land.cpp.o[0m
[ 69%] [32mBuilding CXX object src/modules/navigator/CMakeFiles/modules__navigator.dir/precland.cpp.o[0m
[ 69%] Built target systemcmds__led_control
[ 70%] [32mBuilding CXX object src/modules/navigator/CMakeFiles/modules__navigator.dir/mission_feasibility_checker.cpp.o[0m
[ 70%] Built target systemcmds__mixer
[ 70%] [32mBuilding CXX object src/modules/navigator/CMakeFiles/modules__navigator.dir/geofence.cpp.o[0m
[ 70%] [32mBuilding CXX object src/modules/navigator/CMakeFiles/modules__navigator.dir/datalinkloss.cpp.o[0m
[ 70%] [32m[1mLinking CXX static library /home/rohit/catkin_ws/devel/.private/px4/lib/libmodules__vtol_att_control.a[0m
[ 70%] Built target modules__vtol_att_control
[ 70%] [32mBuilding CXX object src/modules/navigator/CMakeFiles/modules__navigator.dir/rcloss.cpp.o[0m
[ 70%] [32mBuilding CXX object src/modules/mavlink/CMakeFiles/modules__mavlink.dir/mavlink_ulog.cpp.o[0m
[35m[1mScanning dependencies of target systemcmds__motor_ramp[0m
[ 70%] [32mBuilding CXX object src/systemcmds/motor_ramp/CMakeFiles/systemcmds__motor_ramp.dir/motor_ramp.cpp.o[0m
[ 70%] [32mBuilding CXX object src/modules/navigator/CMakeFiles/modules__navigator.dir/enginefailure.cpp.o[0m
[35m[1mScanning dependencies of target systemcmds__param[0m
[ 70%] [32mBuilding CXX object src/modules/navigator/CMakeFiles/modules__navigator.dir/gpsfailure.cpp.o[0m
[ 70%] [32mBuilding CXX object src/systemcmds/param/CMakeFiles/systemcmds__param.dir/param.cpp.o[0m
[ 70%] [32mBuilding CXX object src/modules/navigator/CMakeFiles/modules__navigator.dir/follow_target.cpp.o[0m
[35m[1mScanning dependencies of target systemcmds__perf[0m
[ 71%] [32mBuilding CXX object src/modules/mavlink/CMakeFiles/modules__mavlink.dir/mavlink_timesync.cpp.o[0m
[35m[1mScanning dependencies of target systemcmds__pwm[0m
[ 71%] [32m[1mLinking CXX static library /home/rohit/catkin_ws/devel/.private/px4/lib/libsystemcmds__motor_ramp.a[0m
[ 71%] [32mBuilding C object src/systemcmds/perf/CMakeFiles/systemcmds__perf.dir/perf.c.o[0m
[ 71%] [32mBuilding CXX object src/systemcmds/pwm/CMakeFiles/systemcmds__pwm.dir/pwm.cpp.o[0m
[35m[1mScanning dependencies of target systemcmds__reboot[0m
[ 71%] Built target systemcmds__motor_ramp
[ 71%] [32mBuilding C object src/systemcmds/reboot/CMakeFiles/systemcmds__reboot.dir/reboot.c.o[0m
[35m[1mScanning dependencies of target systemcmds__sd_bench[0m
[ 72%] [32m[1mLinking CXX static library /home/rohit/catkin_ws/devel/.private/px4/lib/libsystemcmds__param.a[0m
[ 72%] [32m[1mLinking CXX static library /home/rohit/catkin_ws/devel/.private/px4/lib/libsystemcmds__perf.a[0m
[ 73%] [32mBuilding C object src/systemcmds/sd_bench/CMakeFiles/systemcmds__sd_bench.dir/sd_bench.c.o[0m
[ 73%] Built target systemcmds__param
[35m[1mScanning dependencies of target systemcmds__shutdown[0m
[ 73%] [32m[1mLinking CXX static library /home/rohit/catkin_ws/devel/.private/px4/lib/libsystemcmds__reboot.a[0m
[ 73%] Built target systemcmds__perf
[35m[1mScanning dependencies of target systemcmds__tests[0m
[ 73%] [32mBuilding C object src/systemcmds/shutdown/CMakeFiles/systemcmds__shutdown.dir/shutdown.c.o[0m
[ 73%] [32m[1mLinking CXX static library /home/rohit/catkin_ws/devel/.private/px4/lib/libsystemcmds__sd_bench.a[0m
[35m[1mScanning dependencies of target systemcmds__tests__hrt_test[0m
[35m[1mScanning dependencies of target systemcmds__top[0m
[ 73%] [32m[1mLinking CXX static library /home/rohit/catkin_ws/devel/.private/px4/lib/libsystemcmds__pwm.a[0m
[ 73%] [32m[1mLinking CXX static library /home/rohit/catkin_ws/devel/.private/px4/lib/libsystemcmds__shutdown.a[0m
[ 73%] [32mBuilding CXX object src/systemcmds/tests/hrt_test/CMakeFiles/systemcmds__tests__hrt_test.dir/hrt_test_main.cpp.o[0m
[ 73%] Built target systemcmds__reboot
[ 74%] [32mBuilding C object src/systemcmds/top/CMakeFiles/systemcmds__top.dir/top.c.o[0m
[ 74%] [32mBuilding CXX object src/systemcmds/tests/CMakeFiles/systemcmds__tests.dir/test_autodeclination.cpp.o[0m
[ 74%] [32mBuilding C object src/systemcmds/tests/CMakeFiles/systemcmds__tests.dir/test_adc.c.o[0m
[ 74%] Built target systemcmds__sd_bench
[ 74%] Built target systemcmds__shutdown
[ 75%] [32mBuilding CXX object src/systemcmds/tests/CMakeFiles/systemcmds__tests.dir/test_bson.cpp.o[0m
[ 75%] [32mBuilding CXX object src/systemcmds/tests/CMakeFiles/systemcmds__tests.dir/test_bezierQuad.cpp.o[0m
[ 75%] Built target systemcmds__pwm
[ 75%] [32mBuilding CXX object src/systemcmds/tests/hrt_test/CMakeFiles/systemcmds__tests__hrt_test.dir/hrt_test_start.cpp.o[0m
[ 75%] [32mBuilding CXX object src/systemcmds/tests/CMakeFiles/systemcmds__tests.dir/test_controlmath.cpp.o[0m
[ 75%] [32mBuilding CXX object src/systemcmds/tests/hrt_test/CMakeFiles/systemcmds__tests__hrt_test.dir/hrt_test.cpp.o[0m
[ 75%] [32m[1mLinking CXX static library /home/rohit/catkin_ws/devel/.private/px4/lib/libsystemcmds__top.a[0m
[ 75%] [32m[1mLinking CXX static library /home/rohit/catkin_ws/devel/.private/px4/lib/libmodules__navigator.a[0m
[ 75%] [32mBuilding CXX object src/systemcmds/tests/CMakeFiles/systemcmds__tests.dir/test_conv.cpp.o[0m
[ 75%] Built target systemcmds__top
[35m[1mScanning dependencies of target systemcmds__topic_listener[0m
[ 75%] Built target modules__navigator
[ 75%] [32mBuilding C object src/systemcmds/tests/CMakeFiles/systemcmds__tests.dir/test_dataman.c.o[0m
[ 75%] [32mBuilding CXX object src/systemcmds/topic_listener/CMakeFiles/systemcmds__topic_listener.dir/listener_main.cpp.o[0m
[ 75%] [32m[1mLinking CXX static library /home/rohit/catkin_ws/devel/.private/px4/lib/libsystemcmds__tests__hrt_test.a[0m
[ 75%] [32mBuilding C object src/systemcmds/tests/CMakeFiles/systemcmds__tests.dir/test_file.c.o[0m
[ 75%] [32mBuilding CXX object src/systemcmds/topic_listener/CMakeFiles/systemcmds__topic_listener.dir/listener_generated.cpp.o[0m
[ 75%] [32mBuilding C object src/systemcmds/tests/CMakeFiles/systemcmds__tests.dir/test_file2.c.o[0m
[ 75%] Built target systemcmds__tests__hrt_test
[35m[1mScanning dependencies of target systemcmds__ver[0m
[35m[1mScanning dependencies of target systemcmds__tune_control[0m
[35m[1mScanning dependencies of target systemcmds__work_queue[0m
[ 75%] [32mBuilding CXX object src/systemcmds/tune_control/CMakeFiles/systemcmds__tune_control.dir/tune_control.cpp.o[0m
[ 76%] [32mBuilding C object src/systemcmds/ver/CMakeFiles/systemcmds__ver.dir/ver.c.o[0m
[ 76%] [32mBuilding CXX object src/systemcmds/tests/CMakeFiles/systemcmds__tests.dir/test_float.cpp.o[0m
[ 76%] [32mBuilding CXX object src/systemcmds/work_queue/CMakeFiles/systemcmds__work_queue.dir/work_queue_main.cpp.o[0m
[35m[1mScanning dependencies of target modules__bottle_drop[0m
[ 76%] [32mBuilding C object src/systemcmds/tests/CMakeFiles/systemcmds__tests.dir/test_hott_telemetry.c.o[0m
[ 76%] [32mBuilding CXX object src/examples/bottle_drop/CMakeFiles/modules__bottle_drop.dir/bottle_drop.cpp.o[0m
[ 77%] [32mBuilding CXX object src/systemcmds/tests/CMakeFiles/systemcmds__tests.dir/test_hrt.cpp.o[0m
[35m[1mScanning dependencies of target examples__fixedwing_control[0m
[ 77%] [32mBuilding CXX object src/systemcmds/tests/CMakeFiles/systemcmds__tests.dir/test_int.cpp.o[0m
[ 77%] [32mBuilding CXX object src/examples/fixedwing_control/CMakeFiles/examples__fixedwing_control.dir/main.cpp.o[0m
[ 77%] [32m[1mLinking CXX static library /home/rohit/catkin_ws/devel/.private/px4/lib/libsystemcmds__tune_control.a[0m
[35m[1mScanning dependencies of target examples__hello[0m
[ 77%] [32m[1mLinking CXX static library /home/rohit/catkin_ws/devel/.private/px4/lib/libsystemcmds__ver.a[0m
[ 77%] [32m[1mLinking CXX static library /home/rohit/catkin_ws/devel/.private/px4/lib/libsystemcmds__work_queue.a[0m
[ 78%] [32mBuilding CXX object src/examples/hello/CMakeFiles/examples__hello.dir/hello_main.cpp.o[0m
[ 78%] Built target systemcmds__tune_control
[ 78%] [32mBuilding CXX object src/examples/hello/CMakeFiles/examples__hello.dir/hello_start.cpp.o[0m
[35m[1mScanning dependencies of target examples__px4_mavlink_debug[0m
[ 78%] [32mBuilding CXX object src/examples/hello/CMakeFiles/examples__hello.dir/hello_example.cpp.o[0m
[ 78%] Built target systemcmds__ver
[ 78%] Built target systemcmds__work_queue
[ 78%] [32mBuilding CXX object src/examples/px4_mavlink_debug/CMakeFiles/examples__px4_mavlink_debug.dir/px4_mavlink_debug.cpp.o[0m
[ 78%] [32mBuilding CXX object src/systemcmds/tests/CMakeFiles/systemcmds__tests.dir/test_IntrusiveQueue.cpp.o[0m
[ 78%] [32mBuilding C object src/systemcmds/tests/CMakeFiles/systemcmds__tests.dir/test_jig_voltages.c.o[0m
[35m[1mScanning dependencies of target examples__px4_simple_app[0m
[ 78%] [32mBuilding C object src/systemcmds/tests/CMakeFiles/systemcmds__tests.dir/test_led.c.o[0m
[ 78%] [32mBuilding C object src/examples/px4_simple_app/CMakeFiles/examples__px4_simple_app.dir/px4_simple_app.c.o[0m
[ 78%] [32m[1mLinking CXX static library /home/rohit/catkin_ws/devel/.private/px4/lib/libexamples__hello.a[0m
[ 78%] [32mBuilding CXX object src/systemcmds/tests/CMakeFiles/systemcmds__tests.dir/test_List.cpp.o[0m
[ 78%] [32m[1mLinking CXX static library /home/rohit/catkin_ws/devel/.private/px4/lib/libmodules__mavlink.a[0m
[ 78%] [32m[1mLinking CXX static library /home/rohit/catkin_ws/devel/.private/px4/lib/libexamples__px4_mavlink_debug.a[0m
[35m[1mScanning dependencies of target examples__rover_steering_control[0m
[ 78%] [32mBuilding CXX object src/examples/rover_steering_control/CMakeFiles/examples__rover_steering_control.dir/main.cpp.o[0m
[ 78%] [32mBuilding CXX object src/systemcmds/tests/CMakeFiles/systemcmds__tests.dir/test_mathlib.cpp.o[0m
[ 78%] Built target examples__hello
[ 80%] [32m[1mLinking CXX static library /home/rohit/catkin_ws/devel/.private/px4/lib/libexamples__px4_simple_app.a[0m
[ 80%] Built target examples__px4_mavlink_debug
[ 80%] Built target modules__mavlink
[ 80%] [32mBuilding CXX object src/systemcmds/tests/CMakeFiles/systemcmds__tests.dir/test_microbench_hrt.cpp.o[0m
[ 81%] [32mBuilding CXX object src/systemcmds/tests/CMakeFiles/systemcmds__tests.dir/test_matrix.cpp.o[0m
[ 81%] [32mBuilding CXX object src/systemcmds/tests/CMakeFiles/systemcmds__tests.dir/test_microbench_math.cpp.o[0m
[35m[1mScanning dependencies of target drivers_accelerometer[0m
[ 81%] [32m[1mLinking CXX static library /home/rohit/catkin_ws/devel/.private/px4/lib/libexamples__fixedwing_control.a[0m
[ 81%] Built target examples__px4_simple_app
[ 81%] [32m[1mLinking CXX static library /home/rohit/catkin_ws/devel/.private/px4/lib/libsystemcmds__topic_listener.a[0m
[ 81%] [32m[1mLinking CXX static library /home/rohit/catkin_ws/devel/.private/px4/lib/libmodules__bottle_drop.a[0m
[35m[1mScanning dependencies of target drivers_gyroscope[0m
[35m[1mScanning dependencies of target drivers__led[0m
[ 82%] [32mBuilding CXX object src/lib/drivers/accelerometer/CMakeFiles/drivers_accelerometer.dir/PX4Accelerometer.cpp.o[0m
[ 83%] [32mBuilding CXX object src/lib/drivers/gyroscope/CMakeFiles/drivers_gyroscope.dir/PX4Gyroscope.cpp.o[0m
[ 83%] [32mBuilding CXX object src/lib/drivers/led/CMakeFiles/drivers__led.dir/led.cpp.o[0m
[35m[1mScanning dependencies of target ecl_EKF[0m
[ 83%] Built target examples__fixedwing_control
[ 83%] Built target modules__bottle_drop
[ 83%] Built target systemcmds__topic_listener
[ 83%] [32mBuilding CXX object src/systemcmds/tests/CMakeFiles/systemcmds__tests.dir/test_microbench_uorb.cpp.o[0m
[ 83%] [32mBuilding CXX object src/systemcmds/tests/CMakeFiles/systemcmds__tests.dir/test_microbench_matrix.cpp.o[0m
[ 83%] [32mBuilding CXX object src/lib/ecl/EKF/CMakeFiles/ecl_EKF.dir/airspeed_fusion.cpp.o[0m
[ 83%] [32mBuilding CXX object src/systemcmds/tests/CMakeFiles/systemcmds__tests.dir/test_mixer.cpp.o[0m
[ 83%] [32m[1mLinking CXX static library /home/rohit/catkin_ws/devel/.private/px4/lib/libdrivers__led.a[0m
[35m[1mScanning dependencies of target FlightTaskUtility[0m
[ 83%] [32mBuilding CXX object src/lib/FlightTasks/tasks/Utility/CMakeFiles/FlightTaskUtility.dir/ManualSmoothingZ.cpp.o[0m
[ 83%] Built target drivers__led
[ 83%] [32m[1mLinking CXX static library /home/rohit/catkin_ws/devel/.private/px4/lib/libexamples__rover_steering_control.a[0m
[ 83%] [32mBuilding CXX object src/lib/FlightTasks/tasks/Utility/CMakeFiles/FlightTaskUtility.dir/ManualSmoothingXY.cpp.o[0m
[ 83%] [32m[1mLinking CXX static library /home/rohit/catkin_ws/devel/.private/px4/lib/libdrivers_accelerometer.a[0m
[ 83%] Built target examples__rover_steering_control
[ 83%] [32m[1mLinking CXX static library /home/rohit/catkin_ws/devel/.private/px4/lib/libdrivers_gyroscope.a[0m
[ 83%] [32mBuilding CXX object src/lib/FlightTasks/tasks/Utility/CMakeFiles/FlightTaskUtility.dir/StraightLine.cpp.o[0m
[ 84%] [32mBuilding CXX object src/lib/FlightTasks/tasks/Utility/CMakeFiles/FlightTaskUtility.dir/ObstacleAvoidance.cpp.o[0m
[ 84%] [32mBuilding C object src/systemcmds/tests/CMakeFiles/systemcmds__tests.dir/test_mount.c.o[0m
[ 84%] [32mBuilding CXX object src/lib/ecl/EKF/CMakeFiles/ecl_EKF.dir/covariance.cpp.o[0m
[ 84%] Built target drivers_accelerometer
[ 85%] [32mBuilding CXX object src/lib/ecl/EKF/CMakeFiles/ecl_EKF.dir/control.cpp.o[0m
[ 85%] Built target drivers_gyroscope
[ 85%] [32mBuilding CXX object src/lib/FlightTasks/tasks/Utility/CMakeFiles/FlightTaskUtility.dir/VelocitySmoothing.cpp.o[0m
[ 85%] [32mBuilding CXX object src/lib/ecl/EKF/CMakeFiles/ecl_EKF.dir/drag_fusion.cpp.o[0m
[ 86%] [32mBuilding C object src/systemcmds/tests/CMakeFiles/systemcmds__tests.dir/test_param.c.o[0m
[ 86%] [32mBuilding CXX object src/systemcmds/tests/CMakeFiles/systemcmds__tests.dir/test_parameters.cpp.o[0m
[35m[1mScanning dependencies of target FlightTaskManual[0m
[ 87%] [32mBuilding CXX object src/lib/FlightTasks/tasks/Manual/CMakeFiles/FlightTaskManual.dir/FlightTaskManual.cpp.o[0m
[ 87%] [32mBuilding C object src/systemcmds/tests/CMakeFiles/systemcmds__tests.dir/test_perf.c.o[0m
[ 87%] [32mBuilding CXX object src/lib/ecl/EKF/CMakeFiles/ecl_EKF.dir/ekf.cpp.o[0m
[35m[1mScanning dependencies of target FlightTaskOffboard[0m
[ 87%] [32mBuilding CXX object src/lib/FlightTasks/tasks/Utility/CMakeFiles/FlightTaskUtility.dir/ManualVelocitySmoothingXY.cpp.o[0m
[ 88%] [32mBuilding CXX object src/lib/FlightTasks/tasks/Offboard/CMakeFiles/FlightTaskOffboard.dir/FlightTaskOffboard.cpp.o[0m
[ 88%] [32mBuilding CXX object src/systemcmds/tests/CMakeFiles/systemcmds__tests.dir/test_ppm.cpp.o[0m
[ 88%] [32mBuilding CXX object src/lib/ecl/EKF/CMakeFiles/ecl_EKF.dir/ekf_helper.cpp.o[0m
[ 88%] [32mBuilding C object src/systemcmds/tests/CMakeFiles/systemcmds__tests.dir/test_ppm_loopback.c.o[0m
[ 88%] [32mBuilding C object src/systemcmds/tests/CMakeFiles/systemcmds__tests.dir/test_rc.c.o[0m
[ 88%] [32mBuilding CXX object src/lib/FlightTasks/tasks/Utility/CMakeFiles/FlightTaskUtility.dir/ManualVelocitySmoothingZ.cpp.o[0m
[35m[1mScanning dependencies of target FlightTaskFailsafe[0m
[ 88%] [32mBuilding CXX object src/lib/FlightTasks/tasks/Failsafe/CMakeFiles/FlightTaskFailsafe.dir/FlightTaskFailsafe.cpp.o[0m
[ 88%] [32mBuilding CXX object src/systemcmds/tests/CMakeFiles/systemcmds__tests.dir/test_search_min.cpp.o[0m
[ 88%] [32mBuilding C object src/systemcmds/tests/CMakeFiles/systemcmds__tests.dir/test_servo.c.o[0m
[ 89%] [32mBuilding C object src/systemcmds/tests/CMakeFiles/systemcmds__tests.dir/test_sleep.c.o[0m
[ 89%] [32m[1mLinking CXX static library /home/rohit/catkin_ws/devel/.private/px4/lib/libFlightTaskUtility.a[0m
[ 89%] [32m[1mLinking CXX static library /home/rohit/catkin_ws/devel/.private/px4/lib/libFlightTaskManual.a[0m
[35m[1mScanning dependencies of target FlightTaskTransition[0m
[35m[1mScanning dependencies of target drivers__tone_alarm[0m
[ 89%] [32mBuilding CXX object src/lib/FlightTasks/tasks/Transition/CMakeFiles/FlightTaskTransition.dir/FlightTaskTransition.cpp.o[0m
[ 89%] [32mBuilding CXX object src/drivers/tone_alarm/CMakeFiles/drivers__tone_alarm.dir/ToneAlarm.cpp.o[0m
[35m[1mScanning dependencies of target modules__commander[0m
[ 89%] [32m[1mLinking CXX static library /home/rohit/catkin_ws/devel/.private/px4/lib/libFlightTaskOffboard.a[0m
[ 89%] Built target FlightTaskUtility
[ 89%] Built target FlightTaskManual
[ 89%] [32mBuilding CXX object src/lib/ecl/EKF/CMakeFiles/ecl_EKF.dir/estimator_interface.cpp.o[0m
[ 89%] [32mBuilding CXX object src/lib/ecl/EKF/CMakeFiles/ecl_EKF.dir/gps_checks.cpp.o[0m
[ 89%] [32mBuilding CXX object src/modules/commander/CMakeFiles/modules__commander.dir/accelerometer_calibration.cpp.o[0m
[ 89%] Built target FlightTaskOffboard
[ 89%] [32mBuilding CXX object src/lib/ecl/EKF/CMakeFiles/ecl_EKF.dir/mag_fusion.cpp.o[0m
[35m[1mScanning dependencies of target modules__fw_pos_control_l1[0m
[ 89%] [32m[1mLinking CXX static library /home/rohit/catkin_ws/devel/.private/px4/lib/libFlightTaskFailsafe.a[0m
[ 89%] [32mBuilding CXX object src/modules/fw_pos_control_l1/CMakeFiles/modules__fw_pos_control_l1.dir/FixedwingPositionControl.cpp.o[0m
[ 89%] [32m[1mLinking CXX static library /home/rohit/catkin_ws/devel/.private/px4/lib/libdrivers__tone_alarm.a[0m
[ 89%] Built target FlightTaskFailsafe
[35m[1mScanning dependencies of target modules__mc_att_control[0m
[ 89%] [32mBuilding CXX object src/modules/commander/CMakeFiles/modules__commander.dir/airspeed_calibration.cpp.o[0m
[ 89%] Built target drivers__tone_alarm
[ 90%] [32mBuilding CXX object src/lib/ecl/EKF/CMakeFiles/ecl_EKF.dir/optflow_fusion.cpp.o[0m
[ 90%] [32mBuilding CXX object src/modules/mc_att_control/CMakeFiles/modules__mc_att_control.dir/mc_att_control_main.cpp.o[0m
[35m[1mScanning dependencies of target modules__sensors[0m
[ 90%] [32mBuilding CXX object src/modules/sensors/CMakeFiles/modules__sensors.dir/voted_sensors_update.cpp.o[0m
[ 90%] [32m[1mLinking CXX static library /home/rohit/catkin_ws/devel/.private/px4/lib/libFlightTaskTransition.a[0m
[ 90%] [32mBuilding CXX object src/modules/commander/CMakeFiles/modules__commander.dir/arm_auth.cpp.o[0m
[ 90%] [32mBuilding CXX object src/modules/commander/CMakeFiles/modules__commander.dir/baro_calibration.cpp.o[0m
[ 90%] Built target FlightTaskTransition
[ 90%] [32mBuilding CXX object src/modules/commander/CMakeFiles/modules__commander.dir/calibration_routines.cpp.o[0m
[ 90%] [32mBuilding CXX object src/systemcmds/tests/CMakeFiles/systemcmds__tests.dir/test_smooth_z.cpp.o[0m
[ 90%] [32mBuilding CXX object src/modules/commander/CMakeFiles/modules__commander.dir/Commander.cpp.o[0m
[ 91%] [32mBuilding CXX object src/modules/commander/CMakeFiles/modules__commander.dir/commander_helper.cpp.o[0m
[ 91%] [32mBuilding CXX object src/modules/commander/CMakeFiles/modules__commander.dir/esc_calibration.cpp.o[0m
[ 91%] [32mBuilding CXX object src/modules/commander/CMakeFiles/modules__commander.dir/gyro_calibration.cpp.o[0m
[ 91%] [32mBuilding CXX object src/systemcmds/tests/CMakeFiles/systemcmds__tests.dir/test_tone.cpp.o[0m
[ 91%] [32mBuilding C object src/systemcmds/tests/CMakeFiles/systemcmds__tests.dir/test_uart_baudchange.c.o[0m
[ 91%] [32mBuilding C object src/systemcmds/tests/CMakeFiles/systemcmds__tests.dir/test_uart_console.c.o[0m
[ 91%] [32mBuilding C object src/systemcmds/tests/CMakeFiles/systemcmds__tests.dir/test_uart_loopback.c.o[0m
[ 91%] [32mBuilding CXX object src/modules/commander/CMakeFiles/modules__commander.dir/health_flag_helper.cpp.o[0m
[ 91%] [32mBuilding CXX object src/lib/ecl/EKF/CMakeFiles/ecl_EKF.dir/sideslip_fusion.cpp.o[0m
[ 91%] [32mBuilding CXX object src/lib/ecl/EKF/CMakeFiles/ecl_EKF.dir/terrain_estimator.cpp.o[0m
[ 91%] [32mBuilding C object src/systemcmds/tests/CMakeFiles/systemcmds__tests.dir/test_uart_send.c.o[0m
[ 91%] [32mBuilding CXX object src/lib/ecl/EKF/CMakeFiles/ecl_EKF.dir/vel_pos_fusion.cpp.o[0m
[ 91%] [32mBuilding CXX object src/lib/ecl/EKF/CMakeFiles/ecl_EKF.dir/gps_yaw_fusion.cpp.o[0m
[ 92%] [32mBuilding CXX object src/systemcmds/tests/CMakeFiles/systemcmds__tests.dir/test_versioning.cpp.o[0m
[ 92%] [32mBuilding C object src/systemcmds/tests/CMakeFiles/systemcmds__tests.dir/tests_main.c.o[0m
[35m[1mScanning dependencies of target drivers__ledsim[0m
[ 92%] [32mBuilding CXX object src/modules/simulator/ledsim/CMakeFiles/drivers__ledsim.dir/led.cpp.o[0m
[ 92%] [32mBuilding CXX object src/modules/commander/CMakeFiles/modules__commander.dir/mag_calibration.cpp.o[0m
[ 92%] [32m[1mLinking CXX static library /home/rohit/catkin_ws/devel/.private/px4/lib/libmodules__fw_pos_control_l1.a[0m
[ 92%] [32m[1mLinking CXX static library /home/rohit/catkin_ws/devel/.private/px4/lib/libdrivers__ledsim.a[0m
[ 92%] [32mBuilding CXX object src/modules/commander/CMakeFiles/modules__commander.dir/PreflightCheck.cpp.o[0m
[ 92%] [32m[1mLinking CXX static library /home/rohit/catkin_ws/devel/.private/px4/lib/libsystemcmds__tests.a[0m
[ 93%] [32mBuilding CXX object src/modules/sensors/CMakeFiles/modules__sensors.dir/rc_update.cpp.o[0m
[ 93%] Built target modules__fw_pos_control_l1
[ 93%] [32mBuilding CXX object src/modules/sensors/CMakeFiles/modules__sensors.dir/sensors.cpp.o[0m
[ 93%] [32mBuilding CXX object src/modules/commander/CMakeFiles/modules__commander.dir/rc_calibration.cpp.o[0m
[ 94%] [32m[1mLinking CXX static library /home/rohit/catkin_ws/devel/.private/px4/lib/libmodules__mc_att_control.a[0m
[ 93%] [32mBuilding CXX object src/modules/sensors/CMakeFiles/modules__sensors.dir/temperature_compensation.cpp.o[0m
[ 94%] [32mBuilding CXX object src/modules/sensors/CMakeFiles/modules__sensors.dir/parameters.cpp.o[0m
[ 94%] Built target drivers__ledsim
[35m[1mScanning dependencies of target FlightTaskAuto[0m
[ 94%] [32mBuilding CXX object src/modules/commander/CMakeFiles/modules__commander.dir/rc_check.cpp.o[0m
[ 94%] [32m[1mLinking CXX static library /home/rohit/catkin_ws/devel/.private/px4/lib/libecl_EKF.a[0m
[ 94%] Built target systemcmds__tests
[ 94%] Built target modules__mc_att_control
[ 94%] [32mBuilding CXX object src/lib/FlightTasks/tasks/Auto/CMakeFiles/FlightTaskAuto.dir/FlightTaskAuto.cpp.o[0m
[ 95%] [32mBuilding CXX object src/modules/commander/CMakeFiles/modules__commander.dir/state_machine_helper.cpp.o[0m
[35m[1mScanning dependencies of target FlightTaskManualAltitude[0m
[ 95%] [32mBuilding CXX object src/lib/FlightTasks/tasks/ManualAltitude/CMakeFiles/FlightTaskManualAltitude.dir/FlightTaskManualAltitude.cpp.o[0m
[ 95%] Built target ecl_EKF
[35m[1mScanning dependencies of target modules__simulator[0m
[ 95%] [32mBuilding CXX object src/modules/simulator/CMakeFiles/modules__simulator.dir/simulator.cpp.o[0m
[ 95%] [32mBuilding CXX object src/modules/simulator/CMakeFiles/modules__simulator.dir/simulator_mavlink.cpp.o[0m
[ 95%] [32m[1mLinking CXX static library /home/rohit/catkin_ws/devel/.private/px4/lib/libmodules__sensors.a[0m
[ 95%] Built target modules__sensors
[35m[1mScanning dependencies of target modules__ekf2[0m
[ 95%] [32mBuilding CXX object src/modules/ekf2/CMakeFiles/modules__ekf2.dir/ekf2_main.cpp.o[0m
[ 95%] [32m[1mLinking CXX static library /home/rohit/catkin_ws/devel/.private/px4/lib/libFlightTaskManualAltitude.a[0m
[ 95%] [32m[1mLinking CXX static library /home/rohit/catkin_ws/devel/.private/px4/lib/libFlightTaskAuto.a[0m
[ 95%] Built target FlightTaskAuto
[ 95%] Built target FlightTaskManualAltitude
[35m[1mScanning dependencies of target FlightTaskAutoFollowMe[0m
[35m[1mScanning dependencies of target FlightTaskAutoMapper[0m
[35m[1mScanning dependencies of target FlightTaskManualAltitudeSmooth[0m
[35m[1mScanning dependencies of target FlightTaskManualAltitudeSmoothVel[0m
[35m[1mScanning dependencies of target FlightTaskAutoMapper2[0m
[35m[1mScanning dependencies of target FlightTaskManualPosition[0m
[ 95%] [32mBuilding CXX object src/lib/FlightTasks/tasks/AutoMapper/CMakeFiles/FlightTaskAutoMapper.dir/FlightTaskAutoMapper.cpp.o[0m
[ 95%] [32mBuilding CXX object src/lib/FlightTasks/tasks/AutoFollowMe/CMakeFiles/FlightTaskAutoFollowMe.dir/FlightTaskAutoFollowMe.cpp.o[0m
[ 95%] [32m[1mLinking CXX static library /home/rohit/catkin_ws/devel/.private/px4/lib/libmodules__commander.a[0m
[ 95%] [32mBuilding CXX object src/lib/FlightTasks/tasks/ManualAltitudeSmooth/CMakeFiles/FlightTaskManualAltitudeSmooth.dir/FlightTaskManualAltitudeSmooth.cpp.o[0m
[ 95%] [32mBuilding CXX object src/lib/FlightTasks/tasks/AutoMapper2/CMakeFiles/FlightTaskAutoMapper2.dir/FlightTaskAutoMapper2.cpp.o[0m
[ 95%] [32mBuilding CXX object src/lib/FlightTasks/tasks/ManualAltitudeSmoothVel/CMakeFiles/FlightTaskManualAltitudeSmoothVel.dir/FlightTaskManualAltitudeSmoothVel.cpp.o[0m
[ 95%] [32mBuilding CXX object src/lib/FlightTasks/tasks/ManualPosition/CMakeFiles/FlightTaskManualPosition.dir/FlightTaskManualPosition.cpp.o[0m
[ 95%] Built target modules__commander
[ 96%] [32m[1mLinking CXX static library /home/rohit/catkin_ws/devel/.private/px4/lib/libFlightTaskManualAltitudeSmoothVel.a[0m
[ 96%] [32m[1mLinking CXX static library /home/rohit/catkin_ws/devel/.private/px4/lib/libFlightTaskAutoFollowMe.a[0m
[ 96%] [32m[1mLinking CXX static library /home/rohit/catkin_ws/devel/.private/px4/lib/libFlightTaskManualAltitudeSmooth.a[0m
[ 96%] Built target FlightTaskManualAltitudeSmoothVel
[ 96%] Built target FlightTaskAutoFollowMe
[ 96%] Built target FlightTaskManualAltitudeSmooth
[35m[1mScanning dependencies of target FlightTaskOrbit[0m
[ 96%] [32mBuilding CXX object src/lib/FlightTasks/tasks/Orbit/CMakeFiles/FlightTaskOrbit.dir/FlightTaskOrbit.cpp.o[0m
[ 96%] [32m[1mLinking CXX static library /home/rohit/catkin_ws/devel/.private/px4/lib/libFlightTaskAutoMapper.a[0m
[ 96%] [32m[1mLinking CXX static library /home/rohit/catkin_ws/devel/.private/px4/lib/libFlightTaskAutoMapper2.a[0m
[ 96%] Built target FlightTaskAutoMapper2
[ 96%] Built target FlightTaskAutoMapper
[35m[1mScanning dependencies of target FlightTaskAutoLineSmoothVel[0m
[35m[1mScanning dependencies of target FlightTaskAutoLine[0m
[ 96%] [32m[1mLinking CXX static library /home/rohit/catkin_ws/devel/.private/px4/lib/libFlightTaskManualPosition.a[0m
[ 97%] [32mBuilding CXX object src/lib/FlightTasks/tasks/AutoLineSmoothVel/CMakeFiles/FlightTaskAutoLineSmoothVel.dir/FlightTaskAutoLineSmoothVel.cpp.o[0m
[ 97%] [32mBuilding CXX object src/lib/FlightTasks/tasks/AutoLine/CMakeFiles/FlightTaskAutoLine.dir/FlightTaskAutoLine.cpp.o[0m
[ 97%] Built target FlightTaskManualPosition
[35m[1mScanning dependencies of target FlightTaskManualPositionSmoothVel[0m
[35m[1mScanning dependencies of target FlightTaskManualPositionSmooth[0m
[ 97%] [32mBuilding CXX object src/lib/FlightTasks/tasks/ManualPositionSmoothVel/CMakeFiles/FlightTaskManualPositionSmoothVel.dir/FlightTaskManualPositionSmoothVel.cpp.o[0m
[ 97%] [32mBuilding CXX object src/lib/FlightTasks/tasks/ManualPositionSmooth/CMakeFiles/FlightTaskManualPositionSmooth.dir/FlightTaskManualPositionSmooth.cpp.o[0m
[ 98%] [32m[1mLinking CXX static library /home/rohit/catkin_ws/devel/.private/px4/lib/libmodules__simulator.a[0m
[ 98%] Built target modules__simulator
[35m[1mScanning dependencies of target drivers__gpssim[0m
[ 98%] [32mBuilding CXX object src/modules/simulator/gpssim/CMakeFiles/drivers__gpssim.dir/gpssim.cpp.o[0m
[ 98%] [32m[1mLinking CXX static library /home/rohit/catkin_ws/devel/.private/px4/lib/libFlightTaskOrbit.a[0m
[ 98%] [32m[1mLinking CXX static library /home/rohit/catkin_ws/devel/.private/px4/lib/libFlightTaskAutoLineSmoothVel.a[0m
[ 98%] [32m[1mLinking CXX static library /home/rohit/catkin_ws/devel/.private/px4/lib/libFlightTaskManualPositionSmooth.a[0m
[ 98%] [32m[1mLinking CXX static library /home/rohit/catkin_ws/devel/.private/px4/lib/libFlightTaskManualPositionSmoothVel.a[0m
[ 98%] Built target FlightTaskOrbit
[ 98%] Built target FlightTaskAutoLineSmoothVel
[ 98%] Built target FlightTaskManualPositionSmooth
[ 98%] Built target FlightTaskManualPositionSmoothVel
[ 98%] [32m[1mLinking CXX static library /home/rohit/catkin_ws/devel/.private/px4/lib/libFlightTaskAutoLine.a[0m
[ 98%] Built target FlightTaskAutoLine
[ 98%] [34m[1mGenerating Flight Tasks[0m
[35m[1mScanning dependencies of target FlightTasks[0m
[100%] [32mBuilding CXX object src/lib/FlightTasks/CMakeFiles/FlightTasks.dir/FlightTasks.cpp.o[0m
[100%] [32mBuilding CXX object src/lib/FlightTasks/CMakeFiles/FlightTasks.dir/FlightTasks_generated.cpp.o[0m
[100%] [32m[1mLinking CXX static library /home/rohit/catkin_ws/devel/.private/px4/lib/libmodules__ekf2.a[0m
[100%] Built target modules__ekf2
[100%] [32m[1mLinking CXX static library /home/rohit/catkin_ws/devel/.private/px4/lib/libdrivers__gpssim.a[0m
[100%] Built target drivers__gpssim
[100%] [32m[1mLinking CXX static library /home/rohit/catkin_ws/devel/.private/px4/lib/libFlightTasks.a[0m
[100%] Built target FlightTasks
[35m[1mScanning dependencies of target modules__mc_pos_control[0m
[100%] [32mBuilding CXX object src/modules/mc_pos_control/CMakeFiles/modules__mc_pos_control.dir/PositionControl.cpp.o[0m
[100%] [32mBuilding CXX object src/modules/mc_pos_control/CMakeFiles/modules__mc_pos_control.dir/mc_pos_control_main.cpp.o[0m
[100%] [32mBuilding CXX object src/modules/mc_pos_control/CMakeFiles/modules__mc_pos_control.dir/Utility/ControlMath.cpp.o[0m
[100%] [32m[1mLinking CXX static library /home/rohit/catkin_ws/devel/.private/px4/lib/libmodules__mc_pos_control.a[0m
[100%] Built target modules__mc_pos_control
[35m[1mScanning dependencies of target px4[0m
[100%] [32mBuilding CXX object platforms/posix/CMakeFiles/px4.dir/apps.cpp.o[0m
[100%] [32mBuilding CXX object platforms/posix/CMakeFiles/px4.dir/src/px4/common/main.cpp.o[0m
[100%] [32m[1mLinking CXX executable /home/rohit/catkin_ws/devel/.private/px4/lib/px4/px4[0m
[100%] Built target px4
[35m[1mScanning dependencies of target examples__dyn_hello[0m
[100%] [32mBuilding CXX object src/examples/dyn_hello/CMakeFiles/examples__dyn_hello.dir/hello.cpp.o[0m
[100%] [32m[1mLinking CXX shared library /home/rohit/catkin_ws/devel/.private/px4/lib/examples__dyn_hello.px4mod[0m
[100%] Built target examples__dyn_hello
